{"name":"hexo","hostname":"xueyikangdeMacBook-Pro.local","pid":65325,"level":20,"msg":"Hexo version: \u001b[35m3.2.2\u001b[39m","time":"2017-12-11T17:05:01.562Z","v":0}
{"name":"hexo","hostname":"xueyikangdeMacBook-Pro.local","pid":65325,"level":20,"msg":"Working directory: \u001b[35m~/blog/\u001b[39m","time":"2017-12-11T17:05:01.566Z","v":0}
{"name":"hexo","hostname":"xueyikangdeMacBook-Pro.local","pid":65325,"level":20,"msg":"Config loaded: \u001b[35m~/blog/_config.yml\u001b[39m","time":"2017-12-11T17:05:01.669Z","v":0}
{"name":"hexo","hostname":"xueyikangdeMacBook-Pro.local","pid":65325,"level":20,"msg":"Plugin loaded: \u001b[35mhexo-deployer-git\u001b[39m","time":"2017-12-11T17:05:01.683Z","v":0}
{"name":"hexo","hostname":"xueyikangdeMacBook-Pro.local","pid":65325,"level":20,"msg":"Plugin loaded: \u001b[35mhexo-generator-archive\u001b[39m","time":"2017-12-11T17:05:01.685Z","v":0}
{"name":"hexo","hostname":"xueyikangdeMacBook-Pro.local","pid":65325,"level":20,"msg":"Plugin loaded: \u001b[35mhexo-generator-category\u001b[39m","time":"2017-12-11T17:05:01.687Z","v":0}
{"name":"hexo","hostname":"xueyikangdeMacBook-Pro.local","pid":65325,"level":20,"msg":"Plugin loaded: \u001b[35mhexo-generator-index\u001b[39m","time":"2017-12-11T17:05:01.690Z","v":0}
{"name":"hexo","hostname":"xueyikangdeMacBook-Pro.local","pid":65325,"level":20,"msg":"Plugin loaded: \u001b[35mhexo-generator-json-content\u001b[39m","time":"2017-12-11T17:05:01.730Z","v":0}
{"name":"hexo","hostname":"xueyikangdeMacBook-Pro.local","pid":65325,"level":20,"msg":"Plugin loaded: \u001b[35mhexo-generator-tag\u001b[39m","time":"2017-12-11T17:05:01.731Z","v":0}
{"name":"hexo","hostname":"xueyikangdeMacBook-Pro.local","pid":65325,"level":20,"msg":"Plugin loaded: \u001b[35mhexo-renderer-ejs\u001b[39m","time":"2017-12-11T17:05:01.735Z","v":0}
{"name":"hexo","hostname":"xueyikangdeMacBook-Pro.local","pid":65325,"level":20,"msg":"Plugin loaded: \u001b[35mhexo-renderer-marked\u001b[39m","time":"2017-12-11T17:05:01.764Z","v":0}
{"name":"hexo","hostname":"xueyikangdeMacBook-Pro.local","pid":65325,"level":20,"msg":"Plugin loaded: \u001b[35mhexo-renderer-stylus\u001b[39m","time":"2017-12-11T17:05:01.765Z","v":0}
{"name":"hexo","hostname":"xueyikangdeMacBook-Pro.local","pid":65325,"level":20,"msg":"Plugin loaded: \u001b[35mhexo-server\u001b[39m","time":"2017-12-11T17:05:01.879Z","v":0}
{"name":"hexo","hostname":"xueyikangdeMacBook-Pro.local","pid":65325,"level":20,"msg":"Script loaded: \u001b[35mthemes/next/scripts/merge-configs.js\u001b[39m","time":"2017-12-11T17:05:01.879Z","v":0}
{"name":"hexo","hostname":"xueyikangdeMacBook-Pro.local","pid":65325,"level":20,"msg":"Script loaded: \u001b[35mthemes/next/scripts/tags/button.js\u001b[39m","time":"2017-12-11T17:05:01.880Z","v":0}
{"name":"hexo","hostname":"xueyikangdeMacBook-Pro.local","pid":65325,"level":20,"msg":"Script loaded: \u001b[35mthemes/next/scripts/tags/center-quote.js\u001b[39m","time":"2017-12-11T17:05:01.880Z","v":0}
{"name":"hexo","hostname":"xueyikangdeMacBook-Pro.local","pid":65325,"level":20,"msg":"Script loaded: \u001b[35mthemes/next/scripts/tags/full-image.js\u001b[39m","time":"2017-12-11T17:05:01.880Z","v":0}
{"name":"hexo","hostname":"xueyikangdeMacBook-Pro.local","pid":65325,"level":20,"msg":"Script loaded: \u001b[35mthemes/next/scripts/tags/group-pictures.js\u001b[39m","time":"2017-12-11T17:05:01.881Z","v":0}
{"name":"hexo","hostname":"xueyikangdeMacBook-Pro.local","pid":65325,"level":20,"msg":"Script loaded: \u001b[35mthemes/next/scripts/tags/note.js\u001b[39m","time":"2017-12-11T17:05:01.882Z","v":0}
{"name":"hexo","hostname":"xueyikangdeMacBook-Pro.local","pid":65325,"level":20,"msg":"Database saved","time":"2017-12-11T17:05:01.888Z","v":0}
{"name":"hexo","hostname":"xueyikangdeMacBook-Pro.local","pid":65378,"level":20,"msg":"Hexo version: \u001b[35m3.2.2\u001b[39m","time":"2017-12-11T17:05:13.506Z","v":0}
{"name":"hexo","hostname":"xueyikangdeMacBook-Pro.local","pid":65378,"level":20,"msg":"Working directory: \u001b[35m~/blog/\u001b[39m","time":"2017-12-11T17:05:13.509Z","v":0}
{"name":"hexo","hostname":"xueyikangdeMacBook-Pro.local","pid":65378,"level":20,"msg":"Config loaded: \u001b[35m~/blog/_config.yml\u001b[39m","time":"2017-12-11T17:05:13.616Z","v":0}
{"name":"hexo","hostname":"xueyikangdeMacBook-Pro.local","pid":65378,"level":20,"msg":"Plugin loaded: \u001b[35mhexo-deployer-git\u001b[39m","time":"2017-12-11T17:05:13.632Z","v":0}
{"name":"hexo","hostname":"xueyikangdeMacBook-Pro.local","pid":65378,"level":20,"msg":"Plugin loaded: \u001b[35mhexo-generator-archive\u001b[39m","time":"2017-12-11T17:05:13.641Z","v":0}
{"name":"hexo","hostname":"xueyikangdeMacBook-Pro.local","pid":65378,"level":20,"msg":"Plugin loaded: \u001b[35mhexo-generator-category\u001b[39m","time":"2017-12-11T17:05:13.644Z","v":0}
{"name":"hexo","hostname":"xueyikangdeMacBook-Pro.local","pid":65378,"level":20,"msg":"Plugin loaded: \u001b[35mhexo-generator-index\u001b[39m","time":"2017-12-11T17:05:13.646Z","v":0}
{"name":"hexo","hostname":"xueyikangdeMacBook-Pro.local","pid":65378,"level":20,"msg":"Plugin loaded: \u001b[35mhexo-generator-json-content\u001b[39m","time":"2017-12-11T17:05:13.748Z","v":0}
{"name":"hexo","hostname":"xueyikangdeMacBook-Pro.local","pid":65378,"level":20,"msg":"Plugin loaded: \u001b[35mhexo-generator-tag\u001b[39m","time":"2017-12-11T17:05:13.749Z","v":0}
{"name":"hexo","hostname":"xueyikangdeMacBook-Pro.local","pid":65378,"level":20,"msg":"Plugin loaded: \u001b[35mhexo-renderer-ejs\u001b[39m","time":"2017-12-11T17:05:13.752Z","v":0}
{"name":"hexo","hostname":"xueyikangdeMacBook-Pro.local","pid":65378,"level":20,"msg":"Plugin loaded: \u001b[35mhexo-renderer-marked\u001b[39m","time":"2017-12-11T17:05:13.767Z","v":0}
{"name":"hexo","hostname":"xueyikangdeMacBook-Pro.local","pid":65378,"level":20,"msg":"Plugin loaded: \u001b[35mhexo-renderer-stylus\u001b[39m","time":"2017-12-11T17:05:13.779Z","v":0}
{"name":"hexo","hostname":"xueyikangdeMacBook-Pro.local","pid":65378,"level":20,"msg":"Plugin loaded: \u001b[35mhexo-server\u001b[39m","time":"2017-12-11T17:05:13.884Z","v":0}
{"name":"hexo","hostname":"xueyikangdeMacBook-Pro.local","pid":65378,"level":20,"msg":"Script loaded: \u001b[35mthemes/next/scripts/merge-configs.js\u001b[39m","time":"2017-12-11T17:05:13.884Z","v":0}
{"name":"hexo","hostname":"xueyikangdeMacBook-Pro.local","pid":65378,"level":20,"msg":"Script loaded: \u001b[35mthemes/next/scripts/tags/button.js\u001b[39m","time":"2017-12-11T17:05:13.885Z","v":0}
{"name":"hexo","hostname":"xueyikangdeMacBook-Pro.local","pid":65378,"level":20,"msg":"Script loaded: \u001b[35mthemes/next/scripts/tags/center-quote.js\u001b[39m","time":"2017-12-11T17:05:13.885Z","v":0}
{"name":"hexo","hostname":"xueyikangdeMacBook-Pro.local","pid":65378,"level":20,"msg":"Script loaded: \u001b[35mthemes/next/scripts/tags/full-image.js\u001b[39m","time":"2017-12-11T17:05:13.886Z","v":0}
{"name":"hexo","hostname":"xueyikangdeMacBook-Pro.local","pid":65378,"level":20,"msg":"Script loaded: \u001b[35mthemes/next/scripts/tags/group-pictures.js\u001b[39m","time":"2017-12-11T17:05:13.887Z","v":0}
{"name":"hexo","hostname":"xueyikangdeMacBook-Pro.local","pid":65378,"level":20,"msg":"Script loaded: \u001b[35mthemes/next/scripts/tags/note.js\u001b[39m","time":"2017-12-11T17:05:13.887Z","v":0}
{"name":"hexo","hostname":"xueyikangdeMacBook-Pro.local","pid":65378,"level":20,"msg":"Loading database.","time":"2017-12-11T17:05:13.889Z","v":0}
{"name":"hexo","hostname":"xueyikangdeMacBook-Pro.local","pid":65378,"level":30,"msg":"Start processing","time":"2017-12-11T17:05:13.899Z","v":0}
{"name":"hexo","hostname":"xueyikangdeMacBook-Pro.local","pid":65378,"level":20,"msg":"Processed: \u001b[35mfavicon.ico\u001b[39m","time":"2017-12-11T17:05:13.980Z","v":0}
{"name":"hexo","hostname":"xueyikangdeMacBook-Pro.local","pid":65378,"level":20,"msg":"Theme config loaded.","time":"2017-12-11T17:05:14.173Z","v":0}
{"name":"hexo","hostname":"xueyikangdeMacBook-Pro.local","pid":65378,"level":20,"msg":"Processed: \u001b[35m404.html\u001b[39m","time":"2017-12-11T17:05:14.174Z","v":0}
{"name":"hexo","hostname":"xueyikangdeMacBook-Pro.local","pid":65378,"level":20,"msg":"Processed: \u001b[35m_config.yml\u001b[39m","time":"2017-12-11T17:05:14.174Z","v":0}
{"name":"hexo","hostname":"xueyikangdeMacBook-Pro.local","pid":65378,"level":20,"msg":"Processed: \u001b[35msource/css/main.styl\u001b[39m","time":"2017-12-11T17:05:14.181Z","v":0}
{"name":"hexo","hostname":"xueyikangdeMacBook-Pro.local","pid":65378,"level":20,"msg":"Processed: \u001b[35msource/images/algolia_logo.svg\u001b[39m","time":"2017-12-11T17:05:14.182Z","v":0}
{"name":"hexo","hostname":"xueyikangdeMacBook-Pro.local","pid":65378,"level":20,"msg":"Processed: \u001b[35msource/images/avatar.gif\u001b[39m","time":"2017-12-11T17:05:14.185Z","v":0}
{"name":"hexo","hostname":"xueyikangdeMacBook-Pro.local","pid":65378,"level":20,"msg":"Processed: \u001b[35msource/images/cc-by-nc-nd.svg\u001b[39m","time":"2017-12-11T17:05:14.186Z","v":0}
{"name":"hexo","hostname":"xueyikangdeMacBook-Pro.local","pid":65378,"level":20,"msg":"Processed: \u001b[35msource/images/cc-by-nc-sa.svg\u001b[39m","time":"2017-12-11T17:05:14.187Z","v":0}
{"name":"hexo","hostname":"xueyikangdeMacBook-Pro.local","pid":65378,"level":20,"msg":"Processed: \u001b[35msource/images/cc-by-nc.svg\u001b[39m","time":"2017-12-11T17:05:14.188Z","v":0}
{"name":"hexo","hostname":"xueyikangdeMacBook-Pro.local","pid":65378,"level":20,"msg":"Processed: \u001b[35msource/images/cc-by-nd.svg\u001b[39m","time":"2017-12-11T17:05:14.188Z","v":0}
{"name":"hexo","hostname":"xueyikangdeMacBook-Pro.local","pid":65378,"level":20,"msg":"Processed: \u001b[35msource/images/cc-zero.svg\u001b[39m","time":"2017-12-11T17:05:14.189Z","v":0}
{"name":"hexo","hostname":"xueyikangdeMacBook-Pro.local","pid":65378,"level":20,"msg":"Processed: \u001b[35msource/images/cc-by-sa.svg\u001b[39m","time":"2017-12-11T17:05:14.190Z","v":0}
{"name":"hexo","hostname":"xueyikangdeMacBook-Pro.local","pid":65378,"level":20,"msg":"Processed: \u001b[35msource/images/cc-by.svg\u001b[39m","time":"2017-12-11T17:05:14.191Z","v":0}
{"name":"hexo","hostname":"xueyikangdeMacBook-Pro.local","pid":65378,"level":20,"msg":"Processed: \u001b[35msource/images/quote-l.svg\u001b[39m","time":"2017-12-11T17:05:14.192Z","v":0}
{"name":"hexo","hostname":"xueyikangdeMacBook-Pro.local","pid":65378,"level":20,"msg":"Processed: \u001b[35msource/images/quote-r.svg\u001b[39m","time":"2017-12-11T17:05:14.193Z","v":0}
{"name":"hexo","hostname":"xueyikangdeMacBook-Pro.local","pid":65378,"level":20,"msg":"Processed: \u001b[35msource/images/loading.gif\u001b[39m","time":"2017-12-11T17:05:14.194Z","v":0}
{"name":"hexo","hostname":"xueyikangdeMacBook-Pro.local","pid":65378,"level":20,"msg":"Processed: \u001b[35msource/images/placeholder.gif\u001b[39m","time":"2017-12-11T17:05:14.194Z","v":0}
{"name":"hexo","hostname":"xueyikangdeMacBook-Pro.local","pid":65378,"level":20,"msg":"Processed: \u001b[35msource/images/searchicon.png\u001b[39m","time":"2017-12-11T17:05:14.195Z","v":0}
{"name":"hexo","hostname":"xueyikangdeMacBook-Pro.local","pid":65378,"level":20,"msg":"Processed: \u001b[35mlayout/_layout.swig\u001b[39m","time":"2017-12-11T17:05:14.479Z","v":0}
{"name":"hexo","hostname":"xueyikangdeMacBook-Pro.local","pid":65378,"level":20,"msg":"Processed: \u001b[35mlayout/archive.swig\u001b[39m","time":"2017-12-11T17:05:14.480Z","v":0}
{"name":"hexo","hostname":"xueyikangdeMacBook-Pro.local","pid":65378,"level":20,"msg":"Processed: \u001b[35mlayout/index.swig\u001b[39m","time":"2017-12-11T17:05:14.480Z","v":0}
{"name":"hexo","hostname":"xueyikangdeMacBook-Pro.local","pid":65378,"level":20,"msg":"Processed: \u001b[35mlayout/category.swig\u001b[39m","time":"2017-12-11T17:05:14.480Z","v":0}
{"name":"hexo","hostname":"xueyikangdeMacBook-Pro.local","pid":65378,"level":20,"msg":"Processed: \u001b[35mlayout/page.swig\u001b[39m","time":"2017-12-11T17:05:14.480Z","v":0}
{"name":"hexo","hostname":"xueyikangdeMacBook-Pro.local","pid":65378,"level":20,"msg":"Processed: \u001b[35mlayout/post.swig\u001b[39m","time":"2017-12-11T17:05:14.480Z","v":0}
{"name":"hexo","hostname":"xueyikangdeMacBook-Pro.local","pid":65378,"level":20,"msg":"Processed: \u001b[35mlayout/schedule.swig\u001b[39m","time":"2017-12-11T17:05:14.481Z","v":0}
{"name":"hexo","hostname":"xueyikangdeMacBook-Pro.local","pid":65378,"level":20,"msg":"Processed: \u001b[35mlayout/tag.swig\u001b[39m","time":"2017-12-11T17:05:14.481Z","v":0}
{"name":"hexo","hostname":"xueyikangdeMacBook-Pro.local","pid":65378,"level":20,"msg":"Processed: \u001b[35mcategories/index.md\u001b[39m","time":"2017-12-11T17:05:14.506Z","v":0}
{"name":"hexo","hostname":"xueyikangdeMacBook-Pro.local","pid":65378,"level":20,"msg":"Processed: \u001b[35mlanguages/de.yml\u001b[39m","time":"2017-12-11T17:05:14.507Z","v":0}
{"name":"hexo","hostname":"xueyikangdeMacBook-Pro.local","pid":65378,"level":20,"msg":"Processed: \u001b[35mlanguages/en.yml\u001b[39m","time":"2017-12-11T17:05:14.507Z","v":0}
{"name":"hexo","hostname":"xueyikangdeMacBook-Pro.local","pid":65378,"level":20,"msg":"Processed: \u001b[35mlanguages/default.yml\u001b[39m","time":"2017-12-11T17:05:14.507Z","v":0}
{"name":"hexo","hostname":"xueyikangdeMacBook-Pro.local","pid":65378,"level":20,"msg":"Processed: \u001b[35mlanguages/fr-FR.yml\u001b[39m","time":"2017-12-11T17:05:14.507Z","v":0}
{"name":"hexo","hostname":"xueyikangdeMacBook-Pro.local","pid":65378,"level":20,"msg":"Processed: \u001b[35mlanguages/id.yml\u001b[39m","time":"2017-12-11T17:05:14.507Z","v":0}
{"name":"hexo","hostname":"xueyikangdeMacBook-Pro.local","pid":65378,"level":20,"msg":"Processed: \u001b[35mlanguages/ja.yml\u001b[39m","time":"2017-12-11T17:05:14.507Z","v":0}
{"name":"hexo","hostname":"xueyikangdeMacBook-Pro.local","pid":65378,"level":20,"msg":"Processed: \u001b[35mlanguages/ko.yml\u001b[39m","time":"2017-12-11T17:05:14.507Z","v":0}
{"name":"hexo","hostname":"xueyikangdeMacBook-Pro.local","pid":65378,"level":20,"msg":"Processed: \u001b[35mlanguages/pt-BR.yml\u001b[39m","time":"2017-12-11T17:05:14.507Z","v":0}
{"name":"hexo","hostname":"xueyikangdeMacBook-Pro.local","pid":65378,"level":20,"msg":"Processed: \u001b[35mlanguages/pt.yml\u001b[39m","time":"2017-12-11T17:05:14.507Z","v":0}
{"name":"hexo","hostname":"xueyikangdeMacBook-Pro.local","pid":65378,"level":20,"msg":"Processed: \u001b[35mlanguages/ru.yml\u001b[39m","time":"2017-12-11T17:05:14.507Z","v":0}
{"name":"hexo","hostname":"xueyikangdeMacBook-Pro.local","pid":65378,"level":20,"msg":"Processed: \u001b[35mlanguages/zh-Hans.yml\u001b[39m","time":"2017-12-11T17:05:14.507Z","v":0}
{"name":"hexo","hostname":"xueyikangdeMacBook-Pro.local","pid":65378,"level":20,"msg":"Processed: \u001b[35mlanguages/zh-hk.yml\u001b[39m","time":"2017-12-11T17:05:14.507Z","v":0}
{"name":"hexo","hostname":"xueyikangdeMacBook-Pro.local","pid":65378,"level":20,"msg":"Processed: \u001b[35mlanguages/zh-tw.yml\u001b[39m","time":"2017-12-11T17:05:14.507Z","v":0}
{"name":"hexo","hostname":"xueyikangdeMacBook-Pro.local","pid":65378,"level":20,"msg":"Processed: \u001b[35m_posts/book.md\u001b[39m","time":"2017-12-11T17:05:14.548Z","v":0}
{"name":"hexo","hostname":"xueyikangdeMacBook-Pro.local","pid":65378,"level":20,"msg":"Processed: \u001b[35m_posts/j.json\u001b[39m","time":"2017-12-11T17:05:14.557Z","v":0}
{"name":"hexo","hostname":"xueyikangdeMacBook-Pro.local","pid":65378,"level":20,"msg":"Processed: \u001b[35m_posts/cors.md\u001b[39m","time":"2017-12-11T17:05:14.557Z","v":0}
{"name":"hexo","hostname":"xueyikangdeMacBook-Pro.local","pid":65378,"level":20,"msg":"Processed: \u001b[35m_posts/collection.md\u001b[39m","time":"2017-12-11T17:05:14.562Z","v":0}
{"name":"hexo","hostname":"xueyikangdeMacBook-Pro.local","pid":65378,"level":20,"msg":"Processed: \u001b[35m_posts/java-final.md\u001b[39m","time":"2017-12-11T17:05:14.566Z","v":0}
{"name":"hexo","hostname":"xueyikangdeMacBook-Pro.local","pid":65378,"level":20,"msg":"Processed: \u001b[35m_posts/database-design.md\u001b[39m","time":"2017-12-11T17:05:14.568Z","v":0}
{"name":"hexo","hostname":"xueyikangdeMacBook-Pro.local","pid":65378,"level":20,"msg":"Processed: \u001b[35m_posts/java8.md\u001b[39m","time":"2017-12-11T17:05:14.571Z","v":0}
{"name":"hexo","hostname":"xueyikangdeMacBook-Pro.local","pid":65378,"level":20,"msg":"Processed: \u001b[35m_posts/dubbo-1.md\u001b[39m","time":"2017-12-11T17:05:14.584Z","v":0}
{"name":"hexo","hostname":"xueyikangdeMacBook-Pro.local","pid":65378,"level":20,"msg":"Processed: \u001b[35m_posts/git-force-push.md\u001b[39m","time":"2017-12-11T17:05:14.601Z","v":0}
{"name":"hexo","hostname":"xueyikangdeMacBook-Pro.local","pid":65378,"level":20,"msg":"Processed: \u001b[35m_posts/maven.md\u001b[39m","time":"2017-12-11T17:05:14.608Z","v":0}
{"name":"hexo","hostname":"xueyikangdeMacBook-Pro.local","pid":65378,"level":20,"msg":"Processed: \u001b[35m_posts/dubbo-2.md\u001b[39m","time":"2017-12-11T17:05:14.610Z","v":0}
{"name":"hexo","hostname":"xueyikangdeMacBook-Pro.local","pid":65378,"level":20,"msg":"Processed: \u001b[35m_posts/git.md\u001b[39m","time":"2017-12-11T17:05:14.612Z","v":0}
{"name":"hexo","hostname":"xueyikangdeMacBook-Pro.local","pid":65378,"level":20,"msg":"Processed: \u001b[35m_posts/note.md\u001b[39m","time":"2017-12-11T17:05:14.617Z","v":0}
{"name":"hexo","hostname":"xueyikangdeMacBook-Pro.local","pid":65378,"level":20,"msg":"Processed: \u001b[35m_posts/linux-cpu.md\u001b[39m","time":"2017-12-11T17:05:14.619Z","v":0}
{"name":"hexo","hostname":"xueyikangdeMacBook-Pro.local","pid":65378,"level":20,"msg":"Processed: \u001b[35m_posts/linux.md\u001b[39m","time":"2017-12-11T17:05:14.631Z","v":0}
{"name":"hexo","hostname":"xueyikangdeMacBook-Pro.local","pid":65378,"level":20,"msg":"Processed: \u001b[35m_posts/logback-mail.md\u001b[39m","time":"2017-12-11T17:05:14.648Z","v":0}
{"name":"hexo","hostname":"xueyikangdeMacBook-Pro.local","pid":65378,"level":20,"msg":"Processed: \u001b[35m_posts/string.md\u001b[39m","time":"2017-12-11T17:05:14.649Z","v":0}
{"name":"hexo","hostname":"xueyikangdeMacBook-Pro.local","pid":65378,"level":20,"msg":"Processed: \u001b[35m_posts/lua.md\u001b[39m","time":"2017-12-11T17:05:14.650Z","v":0}
{"name":"hexo","hostname":"xueyikangdeMacBook-Pro.local","pid":65378,"level":20,"msg":"Processed: \u001b[35m_posts/zhihu.md\u001b[39m","time":"2017-12-11T17:05:14.650Z","v":0}
{"name":"hexo","hostname":"xueyikangdeMacBook-Pro.local","pid":65378,"level":20,"msg":"Processed: \u001b[35msource/images/avatar.jpg\u001b[39m","time":"2017-12-11T17:05:14.651Z","v":0}
{"name":"hexo","hostname":"xueyikangdeMacBook-Pro.local","pid":65378,"level":20,"msg":"Processed: \u001b[35m_posts/machine-learning.md\u001b[39m","time":"2017-12-11T17:05:14.651Z","v":0}
{"name":"hexo","hostname":"xueyikangdeMacBook-Pro.local","pid":65378,"level":20,"msg":"Processed: \u001b[35msource/lib/algolia-instant-search/instantsearch.min.css\u001b[39m","time":"2017-12-11T17:05:14.652Z","v":0}
{"name":"hexo","hostname":"xueyikangdeMacBook-Pro.local","pid":65378,"level":20,"msg":"Processed: \u001b[35msource/lib/canvas-nest/canvas-nest.min.js\u001b[39m","time":"2017-12-11T17:05:14.653Z","v":0}
{"name":"hexo","hostname":"xueyikangdeMacBook-Pro.local","pid":65378,"level":20,"msg":"Processed: \u001b[35m_posts/mysql-guide.md\u001b[39m","time":"2017-12-11T17:05:14.654Z","v":0}
{"name":"hexo","hostname":"xueyikangdeMacBook-Pro.local","pid":65378,"level":20,"msg":"Processed: \u001b[35m_posts/mysql-sql.md\u001b[39m","time":"2017-12-11T17:05:14.656Z","v":0}
{"name":"hexo","hostname":"xueyikangdeMacBook-Pro.local","pid":65378,"level":20,"msg":"Processed: \u001b[35m_posts/postgresql-uninstall.md\u001b[39m","time":"2017-12-11T17:05:14.660Z","v":0}
{"name":"hexo","hostname":"xueyikangdeMacBook-Pro.local","pid":65378,"level":20,"msg":"Processed: \u001b[35msource/lib/fastclick/README.md\u001b[39m","time":"2017-12-11T17:05:14.660Z","v":0}
{"name":"hexo","hostname":"xueyikangdeMacBook-Pro.local","pid":65378,"level":20,"msg":"Processed: \u001b[35msource/lib/fastclick/LICENSE\u001b[39m","time":"2017-12-11T17:05:14.661Z","v":0}
{"name":"hexo","hostname":"xueyikangdeMacBook-Pro.local","pid":65378,"level":20,"msg":"Processed: \u001b[35msource/lib/fastclick/bower.json\u001b[39m","time":"2017-12-11T17:05:14.663Z","v":0}
{"name":"hexo","hostname":"xueyikangdeMacBook-Pro.local","pid":65378,"level":20,"msg":"Processed: \u001b[35m_posts/python.md\u001b[39m","time":"2017-12-11T17:05:14.664Z","v":0}
{"name":"hexo","hostname":"xueyikangdeMacBook-Pro.local","pid":65378,"level":20,"msg":"Processed: \u001b[35msource/lib/jquery_lazyload/CONTRIBUTING.md\u001b[39m","time":"2017-12-11T17:05:14.666Z","v":0}
{"name":"hexo","hostname":"xueyikangdeMacBook-Pro.local","pid":65378,"level":20,"msg":"Processed: \u001b[35m_posts/sbt-repository.md\u001b[39m","time":"2017-12-11T17:05:14.666Z","v":0}
{"name":"hexo","hostname":"xueyikangdeMacBook-Pro.local","pid":65378,"level":20,"msg":"Processed: \u001b[35msource/lib/jquery_lazyload/README.md\u001b[39m","time":"2017-12-11T17:05:14.667Z","v":0}
{"name":"hexo","hostname":"xueyikangdeMacBook-Pro.local","pid":65378,"level":20,"msg":"Processed: \u001b[35msource/lib/jquery_lazyload/bower.json\u001b[39m","time":"2017-12-11T17:05:14.669Z","v":0}
{"name":"hexo","hostname":"xueyikangdeMacBook-Pro.local","pid":65378,"level":20,"msg":"Processed: \u001b[35m_posts/scala.md\u001b[39m","time":"2017-12-11T17:05:14.669Z","v":0}
{"name":"hexo","hostname":"xueyikangdeMacBook-Pro.local","pid":65378,"level":20,"msg":"Processed: \u001b[35msource/lib/jquery_lazyload/jquery.lazyload.js\u001b[39m","time":"2017-12-11T17:05:14.670Z","v":0}
{"name":"hexo","hostname":"xueyikangdeMacBook-Pro.local","pid":65378,"level":20,"msg":"Processed: \u001b[35msource/lib/jquery_lazyload/jquery.scrollstop.js\u001b[39m","time":"2017-12-11T17:05:14.670Z","v":0}
{"name":"hexo","hostname":"xueyikangdeMacBook-Pro.local","pid":65378,"level":20,"msg":"Processed: \u001b[35m_posts/snowflake.md\u001b[39m","time":"2017-12-11T17:05:14.671Z","v":0}
{"name":"hexo","hostname":"xueyikangdeMacBook-Pro.local","pid":65378,"level":20,"msg":"Processed: \u001b[35m_posts/spring-boot.md\u001b[39m","time":"2017-12-11T17:05:14.672Z","v":0}
{"name":"hexo","hostname":"xueyikangdeMacBook-Pro.local","pid":65378,"level":20,"msg":"Processed: \u001b[35msource/lib/font-awesome/HELP-US-OUT.txt\u001b[39m","time":"2017-12-11T17:05:14.672Z","v":0}
{"name":"hexo","hostname":"xueyikangdeMacBook-Pro.local","pid":65378,"level":20,"msg":"Processed: \u001b[35msource/lib/font-awesome/bower.json\u001b[39m","time":"2017-12-11T17:05:14.675Z","v":0}
{"name":"hexo","hostname":"xueyikangdeMacBook-Pro.local","pid":65378,"level":20,"msg":"Processed: \u001b[35m_posts/zookeeper-init.md\u001b[39m","time":"2017-12-11T17:05:14.675Z","v":0}
{"name":"hexo","hostname":"xueyikangdeMacBook-Pro.local","pid":65378,"level":20,"msg":"Processed: \u001b[35msource/lib/velocity/bower.json\u001b[39m","time":"2017-12-11T17:05:14.676Z","v":0}
{"name":"hexo","hostname":"xueyikangdeMacBook-Pro.local","pid":65378,"level":20,"msg":"Processed: \u001b[35msource/lib/velocity/velocity.ui.min.js\u001b[39m","time":"2017-12-11T17:05:14.677Z","v":0}
{"name":"hexo","hostname":"xueyikangdeMacBook-Pro.local","pid":65378,"level":20,"msg":"Processed: \u001b[35msource/lib/velocity/velocity.ui.js\u001b[39m","time":"2017-12-11T17:05:14.677Z","v":0}
{"name":"hexo","hostname":"xueyikangdeMacBook-Pro.local","pid":65378,"level":20,"msg":"Processed: \u001b[35msource/lib/velocity/velocity.min.js\u001b[39m","time":"2017-12-11T17:05:14.678Z","v":0}
{"name":"hexo","hostname":"xueyikangdeMacBook-Pro.local","pid":65378,"level":20,"msg":"Processed: \u001b[35msource/js/src/hook-duoshuo.js\u001b[39m","time":"2017-12-11T17:05:14.678Z","v":0}
{"name":"hexo","hostname":"xueyikangdeMacBook-Pro.local","pid":65378,"level":20,"msg":"Processed: \u001b[35msource/js/src/bootstrap.js\u001b[39m","time":"2017-12-11T17:05:14.679Z","v":0}
{"name":"hexo","hostname":"xueyikangdeMacBook-Pro.local","pid":65378,"level":20,"msg":"Processed: \u001b[35msource/js/src/affix.js\u001b[39m","time":"2017-12-11T17:05:14.680Z","v":0}
{"name":"hexo","hostname":"xueyikangdeMacBook-Pro.local","pid":65378,"level":20,"msg":"Processed: \u001b[35msource/js/src/algolia-search.js\u001b[39m","time":"2017-12-11T17:05:14.681Z","v":0}
{"name":"hexo","hostname":"xueyikangdeMacBook-Pro.local","pid":65378,"level":20,"msg":"Processed: \u001b[35msource/js/src/motion.js\u001b[39m","time":"2017-12-11T17:05:14.681Z","v":0}
{"name":"hexo","hostname":"xueyikangdeMacBook-Pro.local","pid":65378,"level":20,"msg":"Processed: \u001b[35msource/js/src/post-details.js\u001b[39m","time":"2017-12-11T17:05:14.682Z","v":0}
{"name":"hexo","hostname":"xueyikangdeMacBook-Pro.local","pid":65378,"level":20,"msg":"Processed: \u001b[35msource/js/src/utils.js\u001b[39m","time":"2017-12-11T17:05:14.682Z","v":0}
{"name":"hexo","hostname":"xueyikangdeMacBook-Pro.local","pid":65378,"level":20,"msg":"Processed: \u001b[35msource/js/src/scrollspy.js\u001b[39m","time":"2017-12-11T17:05:14.682Z","v":0}
{"name":"hexo","hostname":"xueyikangdeMacBook-Pro.local","pid":65378,"level":20,"msg":"Processed: \u001b[35msource/lib/jquery/index.js\u001b[39m","time":"2017-12-11T17:05:14.706Z","v":0}
{"name":"hexo","hostname":"xueyikangdeMacBook-Pro.local","pid":65378,"level":20,"msg":"Processed: \u001b[35mlayout/_macro/post-collapse.swig\u001b[39m","time":"2017-12-11T17:05:14.787Z","v":0}
{"name":"hexo","hostname":"xueyikangdeMacBook-Pro.local","pid":65378,"level":20,"msg":"Processed: \u001b[35mlayout/_macro/post.swig\u001b[39m","time":"2017-12-11T17:05:14.787Z","v":0}
{"name":"hexo","hostname":"xueyikangdeMacBook-Pro.local","pid":65378,"level":20,"msg":"Processed: \u001b[35mlayout/_macro/reward.swig\u001b[39m","time":"2017-12-11T17:05:14.787Z","v":0}
{"name":"hexo","hostname":"xueyikangdeMacBook-Pro.local","pid":65378,"level":20,"msg":"Processed: \u001b[35mlayout/_macro/sidebar.swig\u001b[39m","time":"2017-12-11T17:05:14.787Z","v":0}
{"name":"hexo","hostname":"xueyikangdeMacBook-Pro.local","pid":65378,"level":20,"msg":"Processed: \u001b[35mlayout/_macro/wechat-subscriber.swig\u001b[39m","time":"2017-12-11T17:05:14.788Z","v":0}
{"name":"hexo","hostname":"xueyikangdeMacBook-Pro.local","pid":65378,"level":20,"msg":"Processed: \u001b[35mlayout/_custom/header.swig\u001b[39m","time":"2017-12-11T17:05:14.788Z","v":0}
{"name":"hexo","hostname":"xueyikangdeMacBook-Pro.local","pid":65378,"level":20,"msg":"Processed: \u001b[35mlayout/_custom/sidebar.swig\u001b[39m","time":"2017-12-11T17:05:14.788Z","v":0}
{"name":"hexo","hostname":"xueyikangdeMacBook-Pro.local","pid":65378,"level":20,"msg":"Processed: \u001b[35mlayout/_partials/comments.swig\u001b[39m","time":"2017-12-11T17:05:14.788Z","v":0}
{"name":"hexo","hostname":"xueyikangdeMacBook-Pro.local","pid":65378,"level":20,"msg":"Processed: \u001b[35mlayout/_partials/duoshuo-hot-articles.swig\u001b[39m","time":"2017-12-11T17:05:14.788Z","v":0}
{"name":"hexo","hostname":"xueyikangdeMacBook-Pro.local","pid":65378,"level":20,"msg":"Processed: \u001b[35mlayout/_partials/footer.swig\u001b[39m","time":"2017-12-11T17:05:14.788Z","v":0}
{"name":"hexo","hostname":"xueyikangdeMacBook-Pro.local","pid":65378,"level":20,"msg":"Processed: \u001b[35mlayout/_partials/head.swig\u001b[39m","time":"2017-12-11T17:05:14.788Z","v":0}
{"name":"hexo","hostname":"xueyikangdeMacBook-Pro.local","pid":65378,"level":20,"msg":"Processed: \u001b[35mlayout/_partials/header.swig\u001b[39m","time":"2017-12-11T17:05:14.788Z","v":0}
{"name":"hexo","hostname":"xueyikangdeMacBook-Pro.local","pid":65378,"level":20,"msg":"Processed: \u001b[35mlayout/_partials/page-header.swig\u001b[39m","time":"2017-12-11T17:05:14.789Z","v":0}
{"name":"hexo","hostname":"xueyikangdeMacBook-Pro.local","pid":65378,"level":20,"msg":"Processed: \u001b[35mlayout/_partials/pagination.swig\u001b[39m","time":"2017-12-11T17:05:14.789Z","v":0}
{"name":"hexo","hostname":"xueyikangdeMacBook-Pro.local","pid":65378,"level":20,"msg":"Processed: \u001b[35mlayout/_partials/search.swig\u001b[39m","time":"2017-12-11T17:05:14.789Z","v":0}
{"name":"hexo","hostname":"xueyikangdeMacBook-Pro.local","pid":65378,"level":20,"msg":"Processed: \u001b[35mlayout/_scripts/baidu-push.swig\u001b[39m","time":"2017-12-11T17:05:14.790Z","v":0}
{"name":"hexo","hostname":"xueyikangdeMacBook-Pro.local","pid":65378,"level":20,"msg":"Processed: \u001b[35mlayout/_scripts/boostrap.swig\u001b[39m","time":"2017-12-11T17:05:14.790Z","v":0}
{"name":"hexo","hostname":"xueyikangdeMacBook-Pro.local","pid":65378,"level":20,"msg":"Processed: \u001b[35mlayout/_scripts/commons.swig\u001b[39m","time":"2017-12-11T17:05:14.791Z","v":0}
{"name":"hexo","hostname":"xueyikangdeMacBook-Pro.local","pid":65378,"level":20,"msg":"Processed: \u001b[35mlayout/_scripts/vendors.swig\u001b[39m","time":"2017-12-11T17:05:14.791Z","v":0}
{"name":"hexo","hostname":"xueyikangdeMacBook-Pro.local","pid":65378,"level":20,"msg":"Processed: \u001b[35msource/lib/fancybox/source/blank.gif\u001b[39m","time":"2017-12-11T17:05:14.797Z","v":0}
{"name":"hexo","hostname":"xueyikangdeMacBook-Pro.local","pid":65378,"level":20,"msg":"Processed: \u001b[35msource/lib/fancybox/source/fancybox_loading.gif\u001b[39m","time":"2017-12-11T17:05:14.797Z","v":0}
{"name":"hexo","hostname":"xueyikangdeMacBook-Pro.local","pid":65378,"level":20,"msg":"Processed: \u001b[35msource/lib/fancybox/source/fancybox_loading@2x.gif\u001b[39m","time":"2017-12-11T17:05:14.798Z","v":0}
{"name":"hexo","hostname":"xueyikangdeMacBook-Pro.local","pid":65378,"level":20,"msg":"Processed: \u001b[35msource/lib/fancybox/source/fancybox_overlay.png\u001b[39m","time":"2017-12-11T17:05:14.798Z","v":0}
{"name":"hexo","hostname":"xueyikangdeMacBook-Pro.local","pid":65378,"level":20,"msg":"Processed: \u001b[35msource/lib/fancybox/source/fancybox_sprite.png\u001b[39m","time":"2017-12-11T17:05:14.798Z","v":0}
{"name":"hexo","hostname":"xueyikangdeMacBook-Pro.local","pid":65378,"level":20,"msg":"Processed: \u001b[35msource/lib/fancybox/source/fancybox_sprite@2x.png\u001b[39m","time":"2017-12-11T17:05:14.799Z","v":0}
{"name":"hexo","hostname":"xueyikangdeMacBook-Pro.local","pid":65378,"level":20,"msg":"Processed: \u001b[35msource/lib/fancybox/source/jquery.fancybox.css\u001b[39m","time":"2017-12-11T17:05:14.799Z","v":0}
{"name":"hexo","hostname":"xueyikangdeMacBook-Pro.local","pid":65378,"level":20,"msg":"Processed: \u001b[35msource/lib/fancybox/source/jquery.fancybox.pack.js\u001b[39m","time":"2017-12-11T17:05:14.799Z","v":0}
{"name":"hexo","hostname":"xueyikangdeMacBook-Pro.local","pid":65378,"level":20,"msg":"Processed: \u001b[35msource/lib/fancybox/source/jquery.fancybox.js\u001b[39m","time":"2017-12-11T17:05:14.799Z","v":0}
{"name":"hexo","hostname":"xueyikangdeMacBook-Pro.local","pid":65378,"level":20,"msg":"Processed: \u001b[35msource/lib/fastclick/lib/fastclick.js\u001b[39m","time":"2017-12-11T17:05:14.800Z","v":0}
{"name":"hexo","hostname":"xueyikangdeMacBook-Pro.local","pid":65378,"level":20,"msg":"Processed: \u001b[35msource/lib/font-awesome/css/font-awesome.css\u001b[39m","time":"2017-12-11T17:05:14.800Z","v":0}
{"name":"hexo","hostname":"xueyikangdeMacBook-Pro.local","pid":65378,"level":20,"msg":"Processed: \u001b[35msource/lib/font-awesome/css/font-awesome.css.map\u001b[39m","time":"2017-12-11T17:05:14.800Z","v":0}
{"name":"hexo","hostname":"xueyikangdeMacBook-Pro.local","pid":65378,"level":20,"msg":"Processed: \u001b[35msource/lib/fastclick/lib/fastclick.min.js\u001b[39m","time":"2017-12-11T17:05:14.801Z","v":0}
{"name":"hexo","hostname":"xueyikangdeMacBook-Pro.local","pid":65378,"level":20,"msg":"Processed: \u001b[35msource/lib/font-awesome/css/font-awesome.min.css\u001b[39m","time":"2017-12-11T17:05:14.801Z","v":0}
{"name":"hexo","hostname":"xueyikangdeMacBook-Pro.local","pid":65378,"level":20,"msg":"Processed: \u001b[35msource/lib/ua-parser-js/dist/ua-parser.pack.js\u001b[39m","time":"2017-12-11T17:05:14.801Z","v":0}
{"name":"hexo","hostname":"xueyikangdeMacBook-Pro.local","pid":65378,"level":20,"msg":"Processed: \u001b[35msource/lib/ua-parser-js/dist/ua-parser.min.js\u001b[39m","time":"2017-12-11T17:05:14.801Z","v":0}
{"name":"hexo","hostname":"xueyikangdeMacBook-Pro.local","pid":65378,"level":20,"msg":"Processed: \u001b[35msource/js/src/schemes/pisces.js\u001b[39m","time":"2017-12-11T17:05:14.801Z","v":0}
{"name":"hexo","hostname":"xueyikangdeMacBook-Pro.local","pid":65378,"level":20,"msg":"Processed: \u001b[35mlayout/_scripts/schemes/muse.swig\u001b[39m","time":"2017-12-11T17:05:14.806Z","v":0}
{"name":"hexo","hostname":"xueyikangdeMacBook-Pro.local","pid":65378,"level":20,"msg":"Processed: \u001b[35mlayout/_scripts/schemes/mist.swig\u001b[39m","time":"2017-12-11T17:05:14.806Z","v":0}
{"name":"hexo","hostname":"xueyikangdeMacBook-Pro.local","pid":65378,"level":20,"msg":"Processed: \u001b[35msource/lib/font-awesome/fonts/fontawesome-webfont.eot\u001b[39m","time":"2017-12-11T17:05:14.807Z","v":0}
{"name":"hexo","hostname":"xueyikangdeMacBook-Pro.local","pid":65378,"level":20,"msg":"Processed: \u001b[35msource/lib/font-awesome/fonts/FontAwesome.otf\u001b[39m","time":"2017-12-11T17:05:14.808Z","v":0}
{"name":"hexo","hostname":"xueyikangdeMacBook-Pro.local","pid":65378,"level":20,"msg":"Processed: \u001b[35msource/lib/velocity/velocity.js\u001b[39m","time":"2017-12-11T17:05:14.808Z","v":0}
{"name":"hexo","hostname":"xueyikangdeMacBook-Pro.local","pid":65378,"level":20,"msg":"Processed: \u001b[35msource/lib/font-awesome/fonts/fontawesome-webfont.woff2\u001b[39m","time":"2017-12-11T17:05:14.808Z","v":0}
{"name":"hexo","hostname":"xueyikangdeMacBook-Pro.local","pid":65378,"level":20,"msg":"Processed: \u001b[35msource/lib/font-awesome/fonts/fontawesome-webfont.woff\u001b[39m","time":"2017-12-11T17:05:14.809Z","v":0}
{"name":"hexo","hostname":"xueyikangdeMacBook-Pro.local","pid":65378,"level":20,"msg":"Processed: \u001b[35mlayout/_components/algolia-search/assets.swig\u001b[39m","time":"2017-12-11T17:05:14.831Z","v":0}
{"name":"hexo","hostname":"xueyikangdeMacBook-Pro.local","pid":65378,"level":20,"msg":"Processed: \u001b[35mlayout/_components/algolia-search/dom.swig\u001b[39m","time":"2017-12-11T17:05:14.831Z","v":0}
{"name":"hexo","hostname":"xueyikangdeMacBook-Pro.local","pid":65378,"level":20,"msg":"Processed: \u001b[35mlayout/_partials/head/external-fonts.swig\u001b[39m","time":"2017-12-11T17:05:14.832Z","v":0}
{"name":"hexo","hostname":"xueyikangdeMacBook-Pro.local","pid":65378,"level":20,"msg":"Processed: \u001b[35mlayout/_partials/head/custom-head.swig\u001b[39m","time":"2017-12-11T17:05:14.832Z","v":0}
{"name":"hexo","hostname":"xueyikangdeMacBook-Pro.local","pid":65378,"level":20,"msg":"Processed: \u001b[35mlayout/_partials/search/localsearch.swig\u001b[39m","time":"2017-12-11T17:05:14.832Z","v":0}
{"name":"hexo","hostname":"xueyikangdeMacBook-Pro.local","pid":65378,"level":20,"msg":"Processed: \u001b[35mlayout/_partials/search/swiftype.swig\u001b[39m","time":"2017-12-11T17:05:14.832Z","v":0}
{"name":"hexo","hostname":"xueyikangdeMacBook-Pro.local","pid":65378,"level":20,"msg":"Processed: \u001b[35mlayout/_partials/search/tinysou.swig\u001b[39m","time":"2017-12-11T17:05:14.832Z","v":0}
{"name":"hexo","hostname":"xueyikangdeMacBook-Pro.local","pid":65378,"level":20,"msg":"Processed: \u001b[35mlayout/_partials/share/add-this.swig\u001b[39m","time":"2017-12-11T17:05:14.832Z","v":0}
{"name":"hexo","hostname":"xueyikangdeMacBook-Pro.local","pid":65378,"level":20,"msg":"Processed: \u001b[35mlayout/_partials/share/baidushare.swig\u001b[39m","time":"2017-12-11T17:05:14.832Z","v":0}
{"name":"hexo","hostname":"xueyikangdeMacBook-Pro.local","pid":65378,"level":20,"msg":"Processed: \u001b[35mlayout/_partials/share/duoshuo_share.swig\u001b[39m","time":"2017-12-11T17:05:14.832Z","v":0}
{"name":"hexo","hostname":"xueyikangdeMacBook-Pro.local","pid":65378,"level":20,"msg":"Processed: \u001b[35mlayout/_partials/share/jiathis.swig\u001b[39m","time":"2017-12-11T17:05:14.832Z","v":0}
{"name":"hexo","hostname":"xueyikangdeMacBook-Pro.local","pid":65378,"level":20,"msg":"Processed: \u001b[35mlayout/_scripts/pages/post-details.swig\u001b[39m","time":"2017-12-11T17:05:14.832Z","v":0}
{"name":"hexo","hostname":"xueyikangdeMacBook-Pro.local","pid":65378,"level":20,"msg":"Processed: \u001b[35mlayout/_scripts/schemes/pisces.swig\u001b[39m","time":"2017-12-11T17:05:14.833Z","v":0}
{"name":"hexo","hostname":"xueyikangdeMacBook-Pro.local","pid":65378,"level":20,"msg":"Processed: \u001b[35mlayout/_scripts/third-party/analytics.swig\u001b[39m","time":"2017-12-11T17:05:14.833Z","v":0}
{"name":"hexo","hostname":"xueyikangdeMacBook-Pro.local","pid":65378,"level":20,"msg":"Processed: \u001b[35mlayout/_scripts/third-party/comments.swig\u001b[39m","time":"2017-12-11T17:05:14.833Z","v":0}
{"name":"hexo","hostname":"xueyikangdeMacBook-Pro.local","pid":65378,"level":20,"msg":"Processed: \u001b[35mlayout/_scripts/third-party/lean-analytics.swig\u001b[39m","time":"2017-12-11T17:05:14.833Z","v":0}
{"name":"hexo","hostname":"xueyikangdeMacBook-Pro.local","pid":65378,"level":20,"msg":"Processed: \u001b[35mlayout/_scripts/third-party/localsearch.swig\u001b[39m","time":"2017-12-11T17:05:14.833Z","v":0}
{"name":"hexo","hostname":"xueyikangdeMacBook-Pro.local","pid":65378,"level":20,"msg":"Processed: \u001b[35mlayout/_scripts/third-party/mathjax.swig\u001b[39m","time":"2017-12-11T17:05:14.833Z","v":0}
{"name":"hexo","hostname":"xueyikangdeMacBook-Pro.local","pid":65378,"level":20,"msg":"Processed: \u001b[35mlayout/_scripts/third-party/schedule.swig\u001b[39m","time":"2017-12-11T17:05:14.833Z","v":0}
{"name":"hexo","hostname":"xueyikangdeMacBook-Pro.local","pid":65378,"level":20,"msg":"Processed: \u001b[35mlayout/_scripts/third-party/tinysou.swig\u001b[39m","time":"2017-12-11T17:05:14.833Z","v":0}
{"name":"hexo","hostname":"xueyikangdeMacBook-Pro.local","pid":65378,"level":20,"msg":"Processed: \u001b[35msource/lib/fancybox/source/helpers/fancybox_buttons.png\u001b[39m","time":"2017-12-11T17:05:14.837Z","v":0}
{"name":"hexo","hostname":"xueyikangdeMacBook-Pro.local","pid":65378,"level":20,"msg":"Processed: \u001b[35msource/lib/fancybox/source/helpers/jquery.fancybox-buttons.css\u001b[39m","time":"2017-12-11T17:05:14.837Z","v":0}
{"name":"hexo","hostname":"xueyikangdeMacBook-Pro.local","pid":65378,"level":20,"msg":"Processed: \u001b[35msource/lib/fancybox/source/helpers/jquery.fancybox-buttons.js\u001b[39m","time":"2017-12-11T17:05:14.838Z","v":0}
{"name":"hexo","hostname":"xueyikangdeMacBook-Pro.local","pid":65378,"level":20,"msg":"Processed: \u001b[35msource/lib/fancybox/source/helpers/jquery.fancybox-media.js\u001b[39m","time":"2017-12-11T17:05:14.838Z","v":0}
{"name":"hexo","hostname":"xueyikangdeMacBook-Pro.local","pid":65378,"level":20,"msg":"Processed: \u001b[35msource/lib/fancybox/source/helpers/jquery.fancybox-thumbs.css\u001b[39m","time":"2017-12-11T17:05:14.840Z","v":0}
{"name":"hexo","hostname":"xueyikangdeMacBook-Pro.local","pid":65378,"level":20,"msg":"Processed: \u001b[35msource/lib/fancybox/source/helpers/jquery.fancybox-thumbs.js\u001b[39m","time":"2017-12-11T17:05:14.843Z","v":0}
{"name":"hexo","hostname":"xueyikangdeMacBook-Pro.local","pid":65378,"level":20,"msg":"Processed: \u001b[35msource/lib/font-awesome/fonts/fontawesome-webfont.ttf\u001b[39m","time":"2017-12-11T17:05:14.844Z","v":0}
{"name":"hexo","hostname":"xueyikangdeMacBook-Pro.local","pid":65378,"level":20,"msg":"Processed: \u001b[35mlayout/_scripts/third-party/analytics/application-insights.swig\u001b[39m","time":"2017-12-11T17:05:14.868Z","v":0}
{"name":"hexo","hostname":"xueyikangdeMacBook-Pro.local","pid":65378,"level":20,"msg":"Processed: \u001b[35mlayout/_scripts/third-party/analytics/busuanzi-counter.swig\u001b[39m","time":"2017-12-11T17:05:14.868Z","v":0}
{"name":"hexo","hostname":"xueyikangdeMacBook-Pro.local","pid":65378,"level":20,"msg":"Processed: \u001b[35mlayout/_scripts/third-party/analytics/baidu-analytics.swig\u001b[39m","time":"2017-12-11T17:05:14.868Z","v":0}
{"name":"hexo","hostname":"xueyikangdeMacBook-Pro.local","pid":65378,"level":20,"msg":"Processed: \u001b[35mlayout/_scripts/third-party/analytics/cnzz-analytics.swig\u001b[39m","time":"2017-12-11T17:05:14.868Z","v":0}
{"name":"hexo","hostname":"xueyikangdeMacBook-Pro.local","pid":65378,"level":20,"msg":"Processed: \u001b[35mlayout/_scripts/third-party/analytics/facebook-sdk.swig\u001b[39m","time":"2017-12-11T17:05:14.868Z","v":0}
{"name":"hexo","hostname":"xueyikangdeMacBook-Pro.local","pid":65378,"level":20,"msg":"Processed: \u001b[35mlayout/_scripts/third-party/analytics/google-analytics.swig\u001b[39m","time":"2017-12-11T17:05:14.868Z","v":0}
{"name":"hexo","hostname":"xueyikangdeMacBook-Pro.local","pid":65378,"level":20,"msg":"Processed: \u001b[35mlayout/_scripts/third-party/analytics/tencent-analytics.swig\u001b[39m","time":"2017-12-11T17:05:14.868Z","v":0}
{"name":"hexo","hostname":"xueyikangdeMacBook-Pro.local","pid":65378,"level":20,"msg":"Processed: \u001b[35mlayout/_scripts/third-party/comments/disqus.swig\u001b[39m","time":"2017-12-11T17:05:14.869Z","v":0}
{"name":"hexo","hostname":"xueyikangdeMacBook-Pro.local","pid":65378,"level":20,"msg":"Processed: \u001b[35mlayout/_scripts/third-party/comments/duoshuo.swig\u001b[39m","time":"2017-12-11T17:05:14.869Z","v":0}
{"name":"hexo","hostname":"xueyikangdeMacBook-Pro.local","pid":65378,"level":20,"msg":"Processed: \u001b[35mlayout/_scripts/third-party/comments/hypercomments.swig\u001b[39m","time":"2017-12-11T17:05:14.869Z","v":0}
{"name":"hexo","hostname":"xueyikangdeMacBook-Pro.local","pid":65378,"level":20,"msg":"Processed: \u001b[35mlayout/_scripts/third-party/comments/gentie.swig\u001b[39m","time":"2017-12-11T17:05:14.869Z","v":0}
{"name":"hexo","hostname":"xueyikangdeMacBook-Pro.local","pid":65378,"level":20,"msg":"Processed: \u001b[35mlayout/_scripts/third-party/comments/youyan.swig\u001b[39m","time":"2017-12-11T17:05:14.869Z","v":0}
{"name":"hexo","hostname":"xueyikangdeMacBook-Pro.local","pid":65378,"level":20,"msg":"Processed: \u001b[35msource/lib/algolia-instant-search/instantsearch.min.js\u001b[39m","time":"2017-12-11T17:05:14.869Z","v":0}
{"name":"hexo","hostname":"xueyikangdeMacBook-Pro.local","pid":65378,"level":20,"msg":"Processed: \u001b[35msource/lib/font-awesome/fonts/fontawesome-webfont.svg\u001b[39m","time":"2017-12-11T17:05:14.870Z","v":0}
{"name":"hexo","hostname":"xueyikangdeMacBook-Pro.local","pid":65378,"level":60,"err":{"message":"Unexpected token , in JSON at position 1761","name":"SyntaxError","stack":"SyntaxError: Unexpected token , in JSON at position 1761\n    at JSON.parse (<anonymous>)\n    at Hexo.jsonRenderer (/Users/xueyikang/blog/node_modules/hexo/lib/plugins/renderer/json.js:4:15)\n    at Hexo.tryCatcher (/Users/xueyikang/blog/node_modules/bluebird/js/release/util.js:16:23)\n    at Hexo.<anonymous> (/Users/xueyikang/blog/node_modules/bluebird/js/release/method.js:15:34)\n    at /Users/xueyikang/blog/node_modules/hexo/lib/hexo/render.js:61:21\n    at tryCatcher (/Users/xueyikang/blog/node_modules/bluebird/js/release/util.js:16:23)\n    at Promise._settlePromiseFromHandler (/Users/xueyikang/blog/node_modules/bluebird/js/release/promise.js:510:31)\n    at Promise._settlePromise (/Users/xueyikang/blog/node_modules/bluebird/js/release/promise.js:567:18)\n    at Promise._settlePromiseCtx (/Users/xueyikang/blog/node_modules/bluebird/js/release/promise.js:604:10)\n    at Async._drainQueue (/Users/xueyikang/blog/node_modules/bluebird/js/release/async.js:138:12)\n    at Async._drainQueues (/Users/xueyikang/blog/node_modules/bluebird/js/release/async.js:143:10)\n    at Immediate.Async.drainQueues (/Users/xueyikang/blog/node_modules/bluebird/js/release/async.js:17:14)\n    at runCallback (timers.js:651:20)\n    at tryOnImmediate (timers.js:624:5)\n    at processImmediate [as _immediateCallback] (timers.js:596:5)"},"msg":"Something's wrong. Maybe you can find the solution here: \u001b[4mhttp://hexo.io/docs/troubleshooting.html\u001b[24m","time":"2017-12-11T17:05:15.058Z","v":0}
{"name":"hexo","hostname":"xueyikangdeMacBook-Pro.local","pid":65378,"level":20,"msg":"Database saved","time":"2017-12-11T17:05:15.345Z","v":0}
{"name":"hexo","hostname":"xueyikangdeMacBook-Pro.local","pid":65531,"level":20,"msg":"Hexo version: \u001b[35m3.2.2\u001b[39m","time":"2017-12-11T17:07:36.535Z","v":0}
{"name":"hexo","hostname":"xueyikangdeMacBook-Pro.local","pid":65531,"level":20,"msg":"Working directory: \u001b[35m~/blog/\u001b[39m","time":"2017-12-11T17:07:36.538Z","v":0}
{"name":"hexo","hostname":"xueyikangdeMacBook-Pro.local","pid":65531,"level":20,"msg":"Config loaded: \u001b[35m~/blog/_config.yml\u001b[39m","time":"2017-12-11T17:07:36.701Z","v":0}
{"name":"hexo","hostname":"xueyikangdeMacBook-Pro.local","pid":65531,"level":20,"msg":"Script loaded: \u001b[35mthemes/next/scripts/tags/button.js\u001b[39m","time":"2017-12-11T17:07:36.733Z","v":0}
{"name":"hexo","hostname":"xueyikangdeMacBook-Pro.local","pid":65531,"level":20,"msg":"Script loaded: \u001b[35mthemes/next/scripts/merge-configs.js\u001b[39m","time":"2017-12-11T17:07:36.734Z","v":0}
{"name":"hexo","hostname":"xueyikangdeMacBook-Pro.local","pid":65531,"level":20,"msg":"Script loaded: \u001b[35mthemes/next/scripts/tags/center-quote.js\u001b[39m","time":"2017-12-11T17:07:36.735Z","v":0}
{"name":"hexo","hostname":"xueyikangdeMacBook-Pro.local","pid":65531,"level":20,"msg":"Script loaded: \u001b[35mthemes/next/scripts/tags/full-image.js\u001b[39m","time":"2017-12-11T17:07:36.735Z","v":0}
{"name":"hexo","hostname":"xueyikangdeMacBook-Pro.local","pid":65531,"level":20,"msg":"Script loaded: \u001b[35mthemes/next/scripts/tags/note.js\u001b[39m","time":"2017-12-11T17:07:36.737Z","v":0}
{"name":"hexo","hostname":"xueyikangdeMacBook-Pro.local","pid":65531,"level":20,"msg":"Script loaded: \u001b[35mthemes/next/scripts/tags/group-pictures.js\u001b[39m","time":"2017-12-11T17:07:36.750Z","v":0}
{"name":"hexo","hostname":"xueyikangdeMacBook-Pro.local","pid":65531,"level":20,"msg":"Plugin loaded: \u001b[35mhexo-generator-archive\u001b[39m","time":"2017-12-11T17:07:36.769Z","v":0}
{"name":"hexo","hostname":"xueyikangdeMacBook-Pro.local","pid":65531,"level":20,"msg":"Plugin loaded: \u001b[35mhexo-deployer-git\u001b[39m","time":"2017-12-11T17:07:36.772Z","v":0}
{"name":"hexo","hostname":"xueyikangdeMacBook-Pro.local","pid":65531,"level":20,"msg":"Plugin loaded: \u001b[35mhexo-generator-index\u001b[39m","time":"2017-12-11T17:07:36.776Z","v":0}
{"name":"hexo","hostname":"xueyikangdeMacBook-Pro.local","pid":65531,"level":20,"msg":"Plugin loaded: \u001b[35mhexo-generator-json-content\u001b[39m","time":"2017-12-11T17:07:36.876Z","v":0}
{"name":"hexo","hostname":"xueyikangdeMacBook-Pro.local","pid":65531,"level":20,"msg":"Plugin loaded: \u001b[35mhexo-generator-category\u001b[39m","time":"2017-12-11T17:07:36.878Z","v":0}
{"name":"hexo","hostname":"xueyikangdeMacBook-Pro.local","pid":65531,"level":20,"msg":"Plugin loaded: \u001b[35mhexo-generator-tag\u001b[39m","time":"2017-12-11T17:07:36.880Z","v":0}
{"name":"hexo","hostname":"xueyikangdeMacBook-Pro.local","pid":65531,"level":20,"msg":"Plugin loaded: \u001b[35mhexo-renderer-ejs\u001b[39m","time":"2017-12-11T17:07:36.884Z","v":0}
{"name":"hexo","hostname":"xueyikangdeMacBook-Pro.local","pid":65531,"level":20,"msg":"Plugin loaded: \u001b[35mhexo-renderer-marked\u001b[39m","time":"2017-12-11T17:07:36.899Z","v":0}
{"name":"hexo","hostname":"xueyikangdeMacBook-Pro.local","pid":65531,"level":20,"msg":"Plugin loaded: \u001b[35mhexo-renderer-stylus\u001b[39m","time":"2017-12-11T17:07:36.900Z","v":0}
{"name":"hexo","hostname":"xueyikangdeMacBook-Pro.local","pid":65531,"level":20,"msg":"Plugin loaded: \u001b[35mhexo-server\u001b[39m","time":"2017-12-11T17:07:37.049Z","v":0}
{"name":"hexo","hostname":"xueyikangdeMacBook-Pro.local","pid":65531,"level":20,"msg":"Loading database.","time":"2017-12-11T17:07:37.051Z","v":0}
{"name":"hexo","hostname":"xueyikangdeMacBook-Pro.local","pid":65531,"level":30,"msg":"Start processing","time":"2017-12-11T17:07:37.203Z","v":0}
{"name":"hexo","hostname":"xueyikangdeMacBook-Pro.local","pid":65531,"level":20,"msg":"Processed: \u001b[35m404.html\u001b[39m","time":"2017-12-11T17:07:37.311Z","v":0}
{"name":"hexo","hostname":"xueyikangdeMacBook-Pro.local","pid":65531,"level":20,"msg":"Processed: \u001b[35mfavicon.ico\u001b[39m","time":"2017-12-11T17:07:37.312Z","v":0}
{"name":"hexo","hostname":"xueyikangdeMacBook-Pro.local","pid":65531,"level":20,"msg":"Processed: \u001b[35m_posts/book.md\u001b[39m","time":"2017-12-11T17:07:37.413Z","v":0}
{"name":"hexo","hostname":"xueyikangdeMacBook-Pro.local","pid":65531,"level":20,"msg":"Processed: \u001b[35m_posts/collection.md\u001b[39m","time":"2017-12-11T17:07:37.413Z","v":0}
{"name":"hexo","hostname":"xueyikangdeMacBook-Pro.local","pid":65531,"level":20,"msg":"Processed: \u001b[35m_posts/cors.md\u001b[39m","time":"2017-12-11T17:07:37.413Z","v":0}
{"name":"hexo","hostname":"xueyikangdeMacBook-Pro.local","pid":65531,"level":20,"msg":"Processed: \u001b[35m_posts/database-design.md\u001b[39m","time":"2017-12-11T17:07:37.413Z","v":0}
{"name":"hexo","hostname":"xueyikangdeMacBook-Pro.local","pid":65531,"level":20,"msg":"Processed: \u001b[35m_posts/dubbo-2.md\u001b[39m","time":"2017-12-11T17:07:37.413Z","v":0}
{"name":"hexo","hostname":"xueyikangdeMacBook-Pro.local","pid":65531,"level":20,"msg":"Processed: \u001b[35m_posts/git-force-push.md\u001b[39m","time":"2017-12-11T17:07:37.413Z","v":0}
{"name":"hexo","hostname":"xueyikangdeMacBook-Pro.local","pid":65531,"level":20,"msg":"Processed: \u001b[35m_posts/dubbo-1.md\u001b[39m","time":"2017-12-11T17:07:37.413Z","v":0}
{"name":"hexo","hostname":"xueyikangdeMacBook-Pro.local","pid":65531,"level":20,"msg":"Processed: \u001b[35m_posts/j.json\u001b[39m","time":"2017-12-11T17:07:37.413Z","v":0}
{"name":"hexo","hostname":"xueyikangdeMacBook-Pro.local","pid":65531,"level":20,"msg":"Processed: \u001b[35m_posts/java-final.md\u001b[39m","time":"2017-12-11T17:07:37.413Z","v":0}
{"name":"hexo","hostname":"xueyikangdeMacBook-Pro.local","pid":65531,"level":20,"msg":"Processed: \u001b[35m_posts/git.md\u001b[39m","time":"2017-12-11T17:07:37.414Z","v":0}
{"name":"hexo","hostname":"xueyikangdeMacBook-Pro.local","pid":65531,"level":20,"msg":"Processed: \u001b[35m_posts/java8.md\u001b[39m","time":"2017-12-11T17:07:37.415Z","v":0}
{"name":"hexo","hostname":"xueyikangdeMacBook-Pro.local","pid":65531,"level":20,"msg":"Processed: \u001b[35m_posts/linux-cpu.md\u001b[39m","time":"2017-12-11T17:07:37.415Z","v":0}
{"name":"hexo","hostname":"xueyikangdeMacBook-Pro.local","pid":65531,"level":20,"msg":"Processed: \u001b[35m_posts/linux.md\u001b[39m","time":"2017-12-11T17:07:37.415Z","v":0}
{"name":"hexo","hostname":"xueyikangdeMacBook-Pro.local","pid":65531,"level":20,"msg":"Processed: \u001b[35m_posts/logback-mail.md\u001b[39m","time":"2017-12-11T17:07:37.415Z","v":0}
{"name":"hexo","hostname":"xueyikangdeMacBook-Pro.local","pid":65531,"level":20,"msg":"Processed: \u001b[35m_posts/lua.md\u001b[39m","time":"2017-12-11T17:07:37.415Z","v":0}
{"name":"hexo","hostname":"xueyikangdeMacBook-Pro.local","pid":65531,"level":20,"msg":"Processed: \u001b[35m_posts/machine-learning.md\u001b[39m","time":"2017-12-11T17:07:37.415Z","v":0}
{"name":"hexo","hostname":"xueyikangdeMacBook-Pro.local","pid":65531,"level":20,"msg":"Processed: \u001b[35m_posts/maven.md\u001b[39m","time":"2017-12-11T17:07:37.415Z","v":0}
{"name":"hexo","hostname":"xueyikangdeMacBook-Pro.local","pid":65531,"level":20,"msg":"Processed: \u001b[35m_posts/mysql-guide.md\u001b[39m","time":"2017-12-11T17:07:37.416Z","v":0}
{"name":"hexo","hostname":"xueyikangdeMacBook-Pro.local","pid":65531,"level":20,"msg":"Processed: \u001b[35m_posts/mysql-sql.md\u001b[39m","time":"2017-12-11T17:07:37.416Z","v":0}
{"name":"hexo","hostname":"xueyikangdeMacBook-Pro.local","pid":65531,"level":20,"msg":"Processed: \u001b[35m_posts/postgresql-uninstall.md\u001b[39m","time":"2017-12-11T17:07:37.416Z","v":0}
{"name":"hexo","hostname":"xueyikangdeMacBook-Pro.local","pid":65531,"level":20,"msg":"Processed: \u001b[35m_posts/note.md\u001b[39m","time":"2017-12-11T17:07:37.416Z","v":0}
{"name":"hexo","hostname":"xueyikangdeMacBook-Pro.local","pid":65531,"level":20,"msg":"Processed: \u001b[35m_posts/python.md\u001b[39m","time":"2017-12-11T17:07:37.416Z","v":0}
{"name":"hexo","hostname":"xueyikangdeMacBook-Pro.local","pid":65531,"level":20,"msg":"Processed: \u001b[35m_posts/sbt-repository.md\u001b[39m","time":"2017-12-11T17:07:37.417Z","v":0}
{"name":"hexo","hostname":"xueyikangdeMacBook-Pro.local","pid":65531,"level":20,"msg":"Processed: \u001b[35m_posts/snowflake.md\u001b[39m","time":"2017-12-11T17:07:37.417Z","v":0}
{"name":"hexo","hostname":"xueyikangdeMacBook-Pro.local","pid":65531,"level":20,"msg":"Processed: \u001b[35m_posts/scala.md\u001b[39m","time":"2017-12-11T17:07:37.417Z","v":0}
{"name":"hexo","hostname":"xueyikangdeMacBook-Pro.local","pid":65531,"level":20,"msg":"Processed: \u001b[35m_posts/string.md\u001b[39m","time":"2017-12-11T17:07:37.417Z","v":0}
{"name":"hexo","hostname":"xueyikangdeMacBook-Pro.local","pid":65531,"level":20,"msg":"Processed: \u001b[35m_posts/spring-boot.md\u001b[39m","time":"2017-12-11T17:07:37.417Z","v":0}
{"name":"hexo","hostname":"xueyikangdeMacBook-Pro.local","pid":65531,"level":20,"msg":"Processed: \u001b[35m_posts/zhihu.md\u001b[39m","time":"2017-12-11T17:07:37.417Z","v":0}
{"name":"hexo","hostname":"xueyikangdeMacBook-Pro.local","pid":65531,"level":20,"msg":"Processed: \u001b[35m_posts/zookeeper-init.md\u001b[39m","time":"2017-12-11T17:07:37.417Z","v":0}
{"name":"hexo","hostname":"xueyikangdeMacBook-Pro.local","pid":65531,"level":20,"msg":"Processed: \u001b[35mcategories/index.md\u001b[39m","time":"2017-12-11T17:07:37.417Z","v":0}
{"name":"hexo","hostname":"xueyikangdeMacBook-Pro.local","pid":65531,"level":20,"msg":"Theme config loaded.","time":"2017-12-11T17:07:37.478Z","v":0}
{"name":"hexo","hostname":"xueyikangdeMacBook-Pro.local","pid":65531,"level":20,"msg":"Processed: \u001b[35m_config.yml\u001b[39m","time":"2017-12-11T17:07:37.479Z","v":0}
{"name":"hexo","hostname":"xueyikangdeMacBook-Pro.local","pid":65531,"level":20,"msg":"Processed: \u001b[35msource/css/main.styl\u001b[39m","time":"2017-12-11T17:07:37.526Z","v":0}
{"name":"hexo","hostname":"xueyikangdeMacBook-Pro.local","pid":65531,"level":20,"msg":"Processed: \u001b[35msource/images/avatar.gif\u001b[39m","time":"2017-12-11T17:07:37.527Z","v":0}
{"name":"hexo","hostname":"xueyikangdeMacBook-Pro.local","pid":65531,"level":20,"msg":"Processed: \u001b[35msource/images/algolia_logo.svg\u001b[39m","time":"2017-12-11T17:07:37.529Z","v":0}
{"name":"hexo","hostname":"xueyikangdeMacBook-Pro.local","pid":65531,"level":20,"msg":"Processed: \u001b[35msource/images/cc-by-nc-nd.svg\u001b[39m","time":"2017-12-11T17:07:37.531Z","v":0}
{"name":"hexo","hostname":"xueyikangdeMacBook-Pro.local","pid":65531,"level":20,"msg":"Processed: \u001b[35msource/images/cc-by-nc.svg\u001b[39m","time":"2017-12-11T17:07:37.532Z","v":0}
{"name":"hexo","hostname":"xueyikangdeMacBook-Pro.local","pid":65531,"level":20,"msg":"Processed: \u001b[35msource/images/cc-by-nc-sa.svg\u001b[39m","time":"2017-12-11T17:07:37.535Z","v":0}
{"name":"hexo","hostname":"xueyikangdeMacBook-Pro.local","pid":65531,"level":20,"msg":"Processed: \u001b[35msource/images/cc-by-nd.svg\u001b[39m","time":"2017-12-11T17:07:37.536Z","v":0}
{"name":"hexo","hostname":"xueyikangdeMacBook-Pro.local","pid":65531,"level":20,"msg":"Processed: \u001b[35msource/images/cc-by-sa.svg\u001b[39m","time":"2017-12-11T17:07:37.538Z","v":0}
{"name":"hexo","hostname":"xueyikangdeMacBook-Pro.local","pid":65531,"level":20,"msg":"Processed: \u001b[35msource/images/cc-by.svg\u001b[39m","time":"2017-12-11T17:07:37.542Z","v":0}
{"name":"hexo","hostname":"xueyikangdeMacBook-Pro.local","pid":65531,"level":20,"msg":"Processed: \u001b[35msource/images/cc-zero.svg\u001b[39m","time":"2017-12-11T17:07:37.547Z","v":0}
{"name":"hexo","hostname":"xueyikangdeMacBook-Pro.local","pid":65531,"level":20,"msg":"Processed: \u001b[35msource/images/loading.gif\u001b[39m","time":"2017-12-11T17:07:37.550Z","v":0}
{"name":"hexo","hostname":"xueyikangdeMacBook-Pro.local","pid":65531,"level":20,"msg":"Processed: \u001b[35msource/images/placeholder.gif\u001b[39m","time":"2017-12-11T17:07:37.551Z","v":0}
{"name":"hexo","hostname":"xueyikangdeMacBook-Pro.local","pid":65531,"level":20,"msg":"Processed: \u001b[35msource/images/quote-l.svg\u001b[39m","time":"2017-12-11T17:07:37.552Z","v":0}
{"name":"hexo","hostname":"xueyikangdeMacBook-Pro.local","pid":65531,"level":20,"msg":"Processed: \u001b[35msource/images/quote-r.svg\u001b[39m","time":"2017-12-11T17:07:37.553Z","v":0}
{"name":"hexo","hostname":"xueyikangdeMacBook-Pro.local","pid":65531,"level":20,"msg":"Processed: \u001b[35msource/images/searchicon.png\u001b[39m","time":"2017-12-11T17:07:37.553Z","v":0}
{"name":"hexo","hostname":"xueyikangdeMacBook-Pro.local","pid":65531,"level":20,"msg":"Processed: \u001b[35mlayout/_layout.swig\u001b[39m","time":"2017-12-11T17:07:37.854Z","v":0}
{"name":"hexo","hostname":"xueyikangdeMacBook-Pro.local","pid":65531,"level":20,"msg":"Processed: \u001b[35mlayout/archive.swig\u001b[39m","time":"2017-12-11T17:07:37.854Z","v":0}
{"name":"hexo","hostname":"xueyikangdeMacBook-Pro.local","pid":65531,"level":20,"msg":"Processed: \u001b[35mlayout/category.swig\u001b[39m","time":"2017-12-11T17:07:37.854Z","v":0}
{"name":"hexo","hostname":"xueyikangdeMacBook-Pro.local","pid":65531,"level":20,"msg":"Processed: \u001b[35mlayout/index.swig\u001b[39m","time":"2017-12-11T17:07:37.854Z","v":0}
{"name":"hexo","hostname":"xueyikangdeMacBook-Pro.local","pid":65531,"level":20,"msg":"Processed: \u001b[35mlayout/page.swig\u001b[39m","time":"2017-12-11T17:07:37.855Z","v":0}
{"name":"hexo","hostname":"xueyikangdeMacBook-Pro.local","pid":65531,"level":20,"msg":"Processed: \u001b[35mlayout/post.swig\u001b[39m","time":"2017-12-11T17:07:37.855Z","v":0}
{"name":"hexo","hostname":"xueyikangdeMacBook-Pro.local","pid":65531,"level":20,"msg":"Processed: \u001b[35mlayout/schedule.swig\u001b[39m","time":"2017-12-11T17:07:37.855Z","v":0}
{"name":"hexo","hostname":"xueyikangdeMacBook-Pro.local","pid":65531,"level":20,"msg":"Processed: \u001b[35mlayout/tag.swig\u001b[39m","time":"2017-12-11T17:07:37.855Z","v":0}
{"name":"hexo","hostname":"xueyikangdeMacBook-Pro.local","pid":65531,"level":20,"msg":"Processed: \u001b[35mlanguages/de.yml\u001b[39m","time":"2017-12-11T17:07:37.861Z","v":0}
{"name":"hexo","hostname":"xueyikangdeMacBook-Pro.local","pid":65531,"level":20,"msg":"Processed: \u001b[35mlanguages/default.yml\u001b[39m","time":"2017-12-11T17:07:37.862Z","v":0}
{"name":"hexo","hostname":"xueyikangdeMacBook-Pro.local","pid":65531,"level":20,"msg":"Processed: \u001b[35mlanguages/en.yml\u001b[39m","time":"2017-12-11T17:07:37.862Z","v":0}
{"name":"hexo","hostname":"xueyikangdeMacBook-Pro.local","pid":65531,"level":20,"msg":"Processed: \u001b[35mlanguages/fr-FR.yml\u001b[39m","time":"2017-12-11T17:07:37.862Z","v":0}
{"name":"hexo","hostname":"xueyikangdeMacBook-Pro.local","pid":65531,"level":20,"msg":"Processed: \u001b[35mlanguages/id.yml\u001b[39m","time":"2017-12-11T17:07:37.862Z","v":0}
{"name":"hexo","hostname":"xueyikangdeMacBook-Pro.local","pid":65531,"level":20,"msg":"Processed: \u001b[35mlanguages/pt-BR.yml\u001b[39m","time":"2017-12-11T17:07:37.862Z","v":0}
{"name":"hexo","hostname":"xueyikangdeMacBook-Pro.local","pid":65531,"level":20,"msg":"Processed: \u001b[35mlanguages/ja.yml\u001b[39m","time":"2017-12-11T17:07:37.862Z","v":0}
{"name":"hexo","hostname":"xueyikangdeMacBook-Pro.local","pid":65531,"level":20,"msg":"Processed: \u001b[35mlanguages/ko.yml\u001b[39m","time":"2017-12-11T17:07:37.862Z","v":0}
{"name":"hexo","hostname":"xueyikangdeMacBook-Pro.local","pid":65531,"level":20,"msg":"Processed: \u001b[35mlanguages/pt.yml\u001b[39m","time":"2017-12-11T17:07:37.862Z","v":0}
{"name":"hexo","hostname":"xueyikangdeMacBook-Pro.local","pid":65531,"level":20,"msg":"Processed: \u001b[35mlanguages/zh-hk.yml\u001b[39m","time":"2017-12-11T17:07:37.862Z","v":0}
{"name":"hexo","hostname":"xueyikangdeMacBook-Pro.local","pid":65531,"level":20,"msg":"Processed: \u001b[35mlanguages/zh-Hans.yml\u001b[39m","time":"2017-12-11T17:07:37.862Z","v":0}
{"name":"hexo","hostname":"xueyikangdeMacBook-Pro.local","pid":65531,"level":20,"msg":"Processed: \u001b[35mlanguages/ru.yml\u001b[39m","time":"2017-12-11T17:07:37.862Z","v":0}
{"name":"hexo","hostname":"xueyikangdeMacBook-Pro.local","pid":65531,"level":20,"msg":"Processed: \u001b[35mlanguages/zh-tw.yml\u001b[39m","time":"2017-12-11T17:07:37.863Z","v":0}
{"name":"hexo","hostname":"xueyikangdeMacBook-Pro.local","pid":65531,"level":20,"msg":"Processed: \u001b[35msource/js/src/algolia-search.js\u001b[39m","time":"2017-12-11T17:07:37.877Z","v":0}
{"name":"hexo","hostname":"xueyikangdeMacBook-Pro.local","pid":65531,"level":20,"msg":"Processed: \u001b[35msource/js/src/affix.js\u001b[39m","time":"2017-12-11T17:07:37.878Z","v":0}
{"name":"hexo","hostname":"xueyikangdeMacBook-Pro.local","pid":65531,"level":20,"msg":"Processed: \u001b[35msource/js/src/bootstrap.js\u001b[39m","time":"2017-12-11T17:07:37.879Z","v":0}
{"name":"hexo","hostname":"xueyikangdeMacBook-Pro.local","pid":65531,"level":20,"msg":"Processed: \u001b[35msource/js/src/hook-duoshuo.js\u001b[39m","time":"2017-12-11T17:07:37.880Z","v":0}
{"name":"hexo","hostname":"xueyikangdeMacBook-Pro.local","pid":65531,"level":20,"msg":"Processed: \u001b[35msource/js/src/post-details.js\u001b[39m","time":"2017-12-11T17:07:37.881Z","v":0}
{"name":"hexo","hostname":"xueyikangdeMacBook-Pro.local","pid":65531,"level":20,"msg":"Processed: \u001b[35msource/js/src/motion.js\u001b[39m","time":"2017-12-11T17:07:37.881Z","v":0}
{"name":"hexo","hostname":"xueyikangdeMacBook-Pro.local","pid":65531,"level":20,"msg":"Processed: \u001b[35msource/js/src/scrollspy.js\u001b[39m","time":"2017-12-11T17:07:37.881Z","v":0}
{"name":"hexo","hostname":"xueyikangdeMacBook-Pro.local","pid":65531,"level":20,"msg":"Processed: \u001b[35msource/js/src/utils.js\u001b[39m","time":"2017-12-11T17:07:37.881Z","v":0}
{"name":"hexo","hostname":"xueyikangdeMacBook-Pro.local","pid":65531,"level":20,"msg":"Processed: \u001b[35msource/images/avatar.jpg\u001b[39m","time":"2017-12-11T17:07:37.881Z","v":0}
{"name":"hexo","hostname":"xueyikangdeMacBook-Pro.local","pid":65531,"level":20,"msg":"Processed: \u001b[35msource/lib/algolia-instant-search/instantsearch.min.css\u001b[39m","time":"2017-12-11T17:07:37.882Z","v":0}
{"name":"hexo","hostname":"xueyikangdeMacBook-Pro.local","pid":65531,"level":20,"msg":"Processed: \u001b[35msource/lib/canvas-nest/canvas-nest.min.js\u001b[39m","time":"2017-12-11T17:07:37.883Z","v":0}
{"name":"hexo","hostname":"xueyikangdeMacBook-Pro.local","pid":65531,"level":20,"msg":"Processed: \u001b[35msource/lib/fastclick/LICENSE\u001b[39m","time":"2017-12-11T17:07:37.884Z","v":0}
{"name":"hexo","hostname":"xueyikangdeMacBook-Pro.local","pid":65531,"level":20,"msg":"Processed: \u001b[35msource/lib/fastclick/README.md\u001b[39m","time":"2017-12-11T17:07:37.884Z","v":0}
{"name":"hexo","hostname":"xueyikangdeMacBook-Pro.local","pid":65531,"level":20,"msg":"Processed: \u001b[35msource/lib/fastclick/bower.json\u001b[39m","time":"2017-12-11T17:07:37.884Z","v":0}
{"name":"hexo","hostname":"xueyikangdeMacBook-Pro.local","pid":65531,"level":20,"msg":"Processed: \u001b[35msource/lib/font-awesome/HELP-US-OUT.txt\u001b[39m","time":"2017-12-11T17:07:37.884Z","v":0}
{"name":"hexo","hostname":"xueyikangdeMacBook-Pro.local","pid":65531,"level":20,"msg":"Processed: \u001b[35msource/lib/font-awesome/bower.json\u001b[39m","time":"2017-12-11T17:07:37.884Z","v":0}
{"name":"hexo","hostname":"xueyikangdeMacBook-Pro.local","pid":65531,"level":20,"msg":"Processed: \u001b[35msource/lib/jquery_lazyload/CONTRIBUTING.md\u001b[39m","time":"2017-12-11T17:07:37.893Z","v":0}
{"name":"hexo","hostname":"xueyikangdeMacBook-Pro.local","pid":65531,"level":20,"msg":"Processed: \u001b[35msource/lib/jquery_lazyload/README.md\u001b[39m","time":"2017-12-11T17:07:37.894Z","v":0}
{"name":"hexo","hostname":"xueyikangdeMacBook-Pro.local","pid":65531,"level":20,"msg":"Processed: \u001b[35msource/lib/jquery_lazyload/bower.json\u001b[39m","time":"2017-12-11T17:07:37.894Z","v":0}
{"name":"hexo","hostname":"xueyikangdeMacBook-Pro.local","pid":65531,"level":20,"msg":"Processed: \u001b[35msource/lib/jquery_lazyload/jquery.lazyload.js\u001b[39m","time":"2017-12-11T17:07:37.894Z","v":0}
{"name":"hexo","hostname":"xueyikangdeMacBook-Pro.local","pid":65531,"level":20,"msg":"Processed: \u001b[35msource/lib/jquery_lazyload/jquery.scrollstop.js\u001b[39m","time":"2017-12-11T17:07:37.895Z","v":0}
{"name":"hexo","hostname":"xueyikangdeMacBook-Pro.local","pid":65531,"level":20,"msg":"Processed: \u001b[35msource/lib/velocity/bower.json\u001b[39m","time":"2017-12-11T17:07:37.895Z","v":0}
{"name":"hexo","hostname":"xueyikangdeMacBook-Pro.local","pid":65531,"level":20,"msg":"Processed: \u001b[35msource/lib/velocity/velocity.ui.min.js\u001b[39m","time":"2017-12-11T17:07:37.895Z","v":0}
{"name":"hexo","hostname":"xueyikangdeMacBook-Pro.local","pid":65531,"level":20,"msg":"Processed: \u001b[35msource/lib/velocity/velocity.min.js\u001b[39m","time":"2017-12-11T17:07:37.896Z","v":0}
{"name":"hexo","hostname":"xueyikangdeMacBook-Pro.local","pid":65531,"level":20,"msg":"Processed: \u001b[35msource/lib/velocity/velocity.ui.js\u001b[39m","time":"2017-12-11T17:07:37.896Z","v":0}
{"name":"hexo","hostname":"xueyikangdeMacBook-Pro.local","pid":65531,"level":20,"msg":"Processed: \u001b[35mlayout/_custom/header.swig\u001b[39m","time":"2017-12-11T17:07:38.005Z","v":0}
{"name":"hexo","hostname":"xueyikangdeMacBook-Pro.local","pid":65531,"level":20,"msg":"Processed: \u001b[35mlayout/_macro/post-collapse.swig\u001b[39m","time":"2017-12-11T17:07:38.005Z","v":0}
{"name":"hexo","hostname":"xueyikangdeMacBook-Pro.local","pid":65531,"level":20,"msg":"Processed: \u001b[35mlayout/_custom/sidebar.swig\u001b[39m","time":"2017-12-11T17:07:38.005Z","v":0}
{"name":"hexo","hostname":"xueyikangdeMacBook-Pro.local","pid":65531,"level":20,"msg":"Processed: \u001b[35mlayout/_macro/post.swig\u001b[39m","time":"2017-12-11T17:07:38.005Z","v":0}
{"name":"hexo","hostname":"xueyikangdeMacBook-Pro.local","pid":65531,"level":20,"msg":"Processed: \u001b[35mlayout/_macro/reward.swig\u001b[39m","time":"2017-12-11T17:07:38.005Z","v":0}
{"name":"hexo","hostname":"xueyikangdeMacBook-Pro.local","pid":65531,"level":20,"msg":"Processed: \u001b[35mlayout/_macro/sidebar.swig\u001b[39m","time":"2017-12-11T17:07:38.005Z","v":0}
{"name":"hexo","hostname":"xueyikangdeMacBook-Pro.local","pid":65531,"level":20,"msg":"Processed: \u001b[35mlayout/_macro/wechat-subscriber.swig\u001b[39m","time":"2017-12-11T17:07:38.005Z","v":0}
{"name":"hexo","hostname":"xueyikangdeMacBook-Pro.local","pid":65531,"level":20,"msg":"Processed: \u001b[35mlayout/_partials/comments.swig\u001b[39m","time":"2017-12-11T17:07:38.006Z","v":0}
{"name":"hexo","hostname":"xueyikangdeMacBook-Pro.local","pid":65531,"level":20,"msg":"Processed: \u001b[35mlayout/_partials/duoshuo-hot-articles.swig\u001b[39m","time":"2017-12-11T17:07:38.006Z","v":0}
{"name":"hexo","hostname":"xueyikangdeMacBook-Pro.local","pid":65531,"level":20,"msg":"Processed: \u001b[35mlayout/_partials/footer.swig\u001b[39m","time":"2017-12-11T17:07:38.006Z","v":0}
{"name":"hexo","hostname":"xueyikangdeMacBook-Pro.local","pid":65531,"level":20,"msg":"Processed: \u001b[35mlayout/_partials/header.swig\u001b[39m","time":"2017-12-11T17:07:38.006Z","v":0}
{"name":"hexo","hostname":"xueyikangdeMacBook-Pro.local","pid":65531,"level":20,"msg":"Processed: \u001b[35mlayout/_partials/head.swig\u001b[39m","time":"2017-12-11T17:07:38.006Z","v":0}
{"name":"hexo","hostname":"xueyikangdeMacBook-Pro.local","pid":65531,"level":20,"msg":"Processed: \u001b[35mlayout/_partials/page-header.swig\u001b[39m","time":"2017-12-11T17:07:38.006Z","v":0}
{"name":"hexo","hostname":"xueyikangdeMacBook-Pro.local","pid":65531,"level":20,"msg":"Processed: \u001b[35mlayout/_partials/pagination.swig\u001b[39m","time":"2017-12-11T17:07:38.007Z","v":0}
{"name":"hexo","hostname":"xueyikangdeMacBook-Pro.local","pid":65531,"level":20,"msg":"Processed: \u001b[35mlayout/_partials/search.swig\u001b[39m","time":"2017-12-11T17:07:38.007Z","v":0}
{"name":"hexo","hostname":"xueyikangdeMacBook-Pro.local","pid":65531,"level":20,"msg":"Processed: \u001b[35mlayout/_scripts/baidu-push.swig\u001b[39m","time":"2017-12-11T17:07:38.007Z","v":0}
{"name":"hexo","hostname":"xueyikangdeMacBook-Pro.local","pid":65531,"level":20,"msg":"Processed: \u001b[35mlayout/_scripts/boostrap.swig\u001b[39m","time":"2017-12-11T17:07:38.008Z","v":0}
{"name":"hexo","hostname":"xueyikangdeMacBook-Pro.local","pid":65531,"level":20,"msg":"Processed: \u001b[35mlayout/_scripts/commons.swig\u001b[39m","time":"2017-12-11T17:07:38.009Z","v":0}
{"name":"hexo","hostname":"xueyikangdeMacBook-Pro.local","pid":65531,"level":20,"msg":"Processed: \u001b[35mlayout/_scripts/vendors.swig\u001b[39m","time":"2017-12-11T17:07:38.009Z","v":0}
{"name":"hexo","hostname":"xueyikangdeMacBook-Pro.local","pid":65531,"level":20,"msg":"Processed: \u001b[35msource/lib/jquery/index.js\u001b[39m","time":"2017-12-11T17:07:38.010Z","v":0}
{"name":"hexo","hostname":"xueyikangdeMacBook-Pro.local","pid":65531,"level":20,"msg":"Processed: \u001b[35mlayout/_scripts/schemes/muse.swig\u001b[39m","time":"2017-12-11T17:07:38.017Z","v":0}
{"name":"hexo","hostname":"xueyikangdeMacBook-Pro.local","pid":65531,"level":20,"msg":"Processed: \u001b[35mlayout/_scripts/schemes/mist.swig\u001b[39m","time":"2017-12-11T17:07:38.017Z","v":0}
{"name":"hexo","hostname":"xueyikangdeMacBook-Pro.local","pid":65531,"level":20,"msg":"Processed: \u001b[35msource/js/src/schemes/pisces.js\u001b[39m","time":"2017-12-11T17:07:38.019Z","v":0}
{"name":"hexo","hostname":"xueyikangdeMacBook-Pro.local","pid":65531,"level":20,"msg":"Processed: \u001b[35msource/lib/fancybox/source/blank.gif\u001b[39m","time":"2017-12-11T17:07:38.019Z","v":0}
{"name":"hexo","hostname":"xueyikangdeMacBook-Pro.local","pid":65531,"level":20,"msg":"Processed: \u001b[35msource/lib/fancybox/source/fancybox_loading.gif\u001b[39m","time":"2017-12-11T17:07:38.020Z","v":0}
{"name":"hexo","hostname":"xueyikangdeMacBook-Pro.local","pid":65531,"level":20,"msg":"Processed: \u001b[35msource/lib/fancybox/source/fancybox_overlay.png\u001b[39m","time":"2017-12-11T17:07:38.020Z","v":0}
{"name":"hexo","hostname":"xueyikangdeMacBook-Pro.local","pid":65531,"level":20,"msg":"Processed: \u001b[35msource/lib/fancybox/source/fancybox_loading@2x.gif\u001b[39m","time":"2017-12-11T17:07:38.020Z","v":0}
{"name":"hexo","hostname":"xueyikangdeMacBook-Pro.local","pid":65531,"level":20,"msg":"Processed: \u001b[35msource/lib/fancybox/source/fancybox_sprite@2x.png\u001b[39m","time":"2017-12-11T17:07:38.020Z","v":0}
{"name":"hexo","hostname":"xueyikangdeMacBook-Pro.local","pid":65531,"level":20,"msg":"Processed: \u001b[35msource/lib/fancybox/source/jquery.fancybox.css\u001b[39m","time":"2017-12-11T17:07:38.021Z","v":0}
{"name":"hexo","hostname":"xueyikangdeMacBook-Pro.local","pid":65531,"level":20,"msg":"Processed: \u001b[35msource/lib/fancybox/source/jquery.fancybox.js\u001b[39m","time":"2017-12-11T17:07:38.021Z","v":0}
{"name":"hexo","hostname":"xueyikangdeMacBook-Pro.local","pid":65531,"level":20,"msg":"Processed: \u001b[35msource/lib/fancybox/source/fancybox_sprite.png\u001b[39m","time":"2017-12-11T17:07:38.021Z","v":0}
{"name":"hexo","hostname":"xueyikangdeMacBook-Pro.local","pid":65531,"level":20,"msg":"Processed: \u001b[35msource/lib/fastclick/lib/fastclick.js\u001b[39m","time":"2017-12-11T17:07:38.021Z","v":0}
{"name":"hexo","hostname":"xueyikangdeMacBook-Pro.local","pid":65531,"level":20,"msg":"Processed: \u001b[35msource/lib/fancybox/source/jquery.fancybox.pack.js\u001b[39m","time":"2017-12-11T17:07:38.022Z","v":0}
{"name":"hexo","hostname":"xueyikangdeMacBook-Pro.local","pid":65531,"level":20,"msg":"Processed: \u001b[35msource/lib/fastclick/lib/fastclick.min.js\u001b[39m","time":"2017-12-11T17:07:38.022Z","v":0}
{"name":"hexo","hostname":"xueyikangdeMacBook-Pro.local","pid":65531,"level":20,"msg":"Processed: \u001b[35msource/lib/font-awesome/css/font-awesome.css.map\u001b[39m","time":"2017-12-11T17:07:38.023Z","v":0}
{"name":"hexo","hostname":"xueyikangdeMacBook-Pro.local","pid":65531,"level":20,"msg":"Processed: \u001b[35msource/lib/font-awesome/css/font-awesome.css\u001b[39m","time":"2017-12-11T17:07:38.023Z","v":0}
{"name":"hexo","hostname":"xueyikangdeMacBook-Pro.local","pid":65531,"level":20,"msg":"Processed: \u001b[35msource/lib/font-awesome/css/font-awesome.min.css\u001b[39m","time":"2017-12-11T17:07:38.023Z","v":0}
{"name":"hexo","hostname":"xueyikangdeMacBook-Pro.local","pid":65531,"level":20,"msg":"Processed: \u001b[35msource/lib/ua-parser-js/dist/ua-parser.min.js\u001b[39m","time":"2017-12-11T17:07:38.023Z","v":0}
{"name":"hexo","hostname":"xueyikangdeMacBook-Pro.local","pid":65531,"level":20,"msg":"Processed: \u001b[35msource/lib/ua-parser-js/dist/ua-parser.pack.js\u001b[39m","time":"2017-12-11T17:07:38.024Z","v":0}
{"name":"hexo","hostname":"xueyikangdeMacBook-Pro.local","pid":65531,"level":20,"msg":"Processed: \u001b[35mlayout/_components/algolia-search/dom.swig\u001b[39m","time":"2017-12-11T17:07:38.047Z","v":0}
{"name":"hexo","hostname":"xueyikangdeMacBook-Pro.local","pid":65531,"level":20,"msg":"Processed: \u001b[35mlayout/_partials/search/localsearch.swig\u001b[39m","time":"2017-12-11T17:07:38.047Z","v":0}
{"name":"hexo","hostname":"xueyikangdeMacBook-Pro.local","pid":65531,"level":20,"msg":"Processed: \u001b[35mlayout/_partials/head/custom-head.swig\u001b[39m","time":"2017-12-11T17:07:38.047Z","v":0}
{"name":"hexo","hostname":"xueyikangdeMacBook-Pro.local","pid":65531,"level":20,"msg":"Processed: \u001b[35mlayout/_partials/search/swiftype.swig\u001b[39m","time":"2017-12-11T17:07:38.047Z","v":0}
{"name":"hexo","hostname":"xueyikangdeMacBook-Pro.local","pid":65531,"level":20,"msg":"Processed: \u001b[35mlayout/_partials/head/external-fonts.swig\u001b[39m","time":"2017-12-11T17:07:38.047Z","v":0}
{"name":"hexo","hostname":"xueyikangdeMacBook-Pro.local","pid":65531,"level":20,"msg":"Processed: \u001b[35mlayout/_partials/share/add-this.swig\u001b[39m","time":"2017-12-11T17:07:38.047Z","v":0}
{"name":"hexo","hostname":"xueyikangdeMacBook-Pro.local","pid":65531,"level":20,"msg":"Processed: \u001b[35mlayout/_partials/search/tinysou.swig\u001b[39m","time":"2017-12-11T17:07:38.047Z","v":0}
{"name":"hexo","hostname":"xueyikangdeMacBook-Pro.local","pid":65531,"level":20,"msg":"Processed: \u001b[35mlayout/_partials/share/baidushare.swig\u001b[39m","time":"2017-12-11T17:07:38.047Z","v":0}
{"name":"hexo","hostname":"xueyikangdeMacBook-Pro.local","pid":65531,"level":20,"msg":"Processed: \u001b[35mlayout/_partials/share/duoshuo_share.swig\u001b[39m","time":"2017-12-11T17:07:38.047Z","v":0}
{"name":"hexo","hostname":"xueyikangdeMacBook-Pro.local","pid":65531,"level":20,"msg":"Processed: \u001b[35mlayout/_partials/share/jiathis.swig\u001b[39m","time":"2017-12-11T17:07:38.048Z","v":0}
{"name":"hexo","hostname":"xueyikangdeMacBook-Pro.local","pid":65531,"level":20,"msg":"Processed: \u001b[35mlayout/_scripts/pages/post-details.swig\u001b[39m","time":"2017-12-11T17:07:38.048Z","v":0}
{"name":"hexo","hostname":"xueyikangdeMacBook-Pro.local","pid":65531,"level":20,"msg":"Processed: \u001b[35mlayout/_scripts/schemes/pisces.swig\u001b[39m","time":"2017-12-11T17:07:38.048Z","v":0}
{"name":"hexo","hostname":"xueyikangdeMacBook-Pro.local","pid":65531,"level":20,"msg":"Processed: \u001b[35mlayout/_scripts/third-party/analytics.swig\u001b[39m","time":"2017-12-11T17:07:38.048Z","v":0}
{"name":"hexo","hostname":"xueyikangdeMacBook-Pro.local","pid":65531,"level":20,"msg":"Processed: \u001b[35mlayout/_components/algolia-search/assets.swig\u001b[39m","time":"2017-12-11T17:07:38.048Z","v":0}
{"name":"hexo","hostname":"xueyikangdeMacBook-Pro.local","pid":65531,"level":20,"msg":"Processed: \u001b[35mlayout/_scripts/third-party/comments.swig\u001b[39m","time":"2017-12-11T17:07:38.048Z","v":0}
{"name":"hexo","hostname":"xueyikangdeMacBook-Pro.local","pid":65531,"level":20,"msg":"Processed: \u001b[35mlayout/_scripts/third-party/lean-analytics.swig\u001b[39m","time":"2017-12-11T17:07:38.048Z","v":0}
{"name":"hexo","hostname":"xueyikangdeMacBook-Pro.local","pid":65531,"level":20,"msg":"Processed: \u001b[35mlayout/_scripts/third-party/localsearch.swig\u001b[39m","time":"2017-12-11T17:07:38.048Z","v":0}
{"name":"hexo","hostname":"xueyikangdeMacBook-Pro.local","pid":65531,"level":20,"msg":"Processed: \u001b[35mlayout/_scripts/third-party/schedule.swig\u001b[39m","time":"2017-12-11T17:07:38.048Z","v":0}
{"name":"hexo","hostname":"xueyikangdeMacBook-Pro.local","pid":65531,"level":20,"msg":"Processed: \u001b[35mlayout/_scripts/third-party/mathjax.swig\u001b[39m","time":"2017-12-11T17:07:38.048Z","v":0}
{"name":"hexo","hostname":"xueyikangdeMacBook-Pro.local","pid":65531,"level":20,"msg":"Processed: \u001b[35mlayout/_scripts/third-party/tinysou.swig\u001b[39m","time":"2017-12-11T17:07:38.048Z","v":0}
{"name":"hexo","hostname":"xueyikangdeMacBook-Pro.local","pid":65531,"level":20,"msg":"Processed: \u001b[35msource/lib/font-awesome/fonts/FontAwesome.otf\u001b[39m","time":"2017-12-11T17:07:38.049Z","v":0}
{"name":"hexo","hostname":"xueyikangdeMacBook-Pro.local","pid":65531,"level":20,"msg":"Processed: \u001b[35msource/lib/font-awesome/fonts/fontawesome-webfont.woff\u001b[39m","time":"2017-12-11T17:07:38.049Z","v":0}
{"name":"hexo","hostname":"xueyikangdeMacBook-Pro.local","pid":65531,"level":20,"msg":"Processed: \u001b[35msource/lib/font-awesome/fonts/fontawesome-webfont.eot\u001b[39m","time":"2017-12-11T17:07:38.050Z","v":0}
{"name":"hexo","hostname":"xueyikangdeMacBook-Pro.local","pid":65531,"level":20,"msg":"Processed: \u001b[35msource/lib/font-awesome/fonts/fontawesome-webfont.woff2\u001b[39m","time":"2017-12-11T17:07:38.050Z","v":0}
{"name":"hexo","hostname":"xueyikangdeMacBook-Pro.local","pid":65531,"level":20,"msg":"Processed: \u001b[35msource/lib/velocity/velocity.js\u001b[39m","time":"2017-12-11T17:07:38.050Z","v":0}
{"name":"hexo","hostname":"xueyikangdeMacBook-Pro.local","pid":65531,"level":20,"msg":"Processed: \u001b[35msource/lib/fancybox/source/helpers/fancybox_buttons.png\u001b[39m","time":"2017-12-11T17:07:38.058Z","v":0}
{"name":"hexo","hostname":"xueyikangdeMacBook-Pro.local","pid":65531,"level":20,"msg":"Processed: \u001b[35msource/lib/fancybox/source/helpers/jquery.fancybox-buttons.css\u001b[39m","time":"2017-12-11T17:07:38.059Z","v":0}
{"name":"hexo","hostname":"xueyikangdeMacBook-Pro.local","pid":65531,"level":20,"msg":"Processed: \u001b[35msource/lib/fancybox/source/helpers/jquery.fancybox-media.js\u001b[39m","time":"2017-12-11T17:07:38.059Z","v":0}
{"name":"hexo","hostname":"xueyikangdeMacBook-Pro.local","pid":65531,"level":20,"msg":"Processed: \u001b[35msource/lib/fancybox/source/helpers/jquery.fancybox-thumbs.css\u001b[39m","time":"2017-12-11T17:07:38.059Z","v":0}
{"name":"hexo","hostname":"xueyikangdeMacBook-Pro.local","pid":65531,"level":20,"msg":"Processed: \u001b[35msource/lib/fancybox/source/helpers/jquery.fancybox-buttons.js\u001b[39m","time":"2017-12-11T17:07:38.060Z","v":0}
{"name":"hexo","hostname":"xueyikangdeMacBook-Pro.local","pid":65531,"level":20,"msg":"Processed: \u001b[35msource/lib/fancybox/source/helpers/jquery.fancybox-thumbs.js\u001b[39m","time":"2017-12-11T17:07:38.060Z","v":0}
{"name":"hexo","hostname":"xueyikangdeMacBook-Pro.local","pid":65531,"level":20,"msg":"Processed: \u001b[35msource/lib/font-awesome/fonts/fontawesome-webfont.ttf\u001b[39m","time":"2017-12-11T17:07:38.060Z","v":0}
{"name":"hexo","hostname":"xueyikangdeMacBook-Pro.local","pid":65531,"level":20,"msg":"Processed: \u001b[35mlayout/_scripts/third-party/analytics/baidu-analytics.swig\u001b[39m","time":"2017-12-11T17:07:38.085Z","v":0}
{"name":"hexo","hostname":"xueyikangdeMacBook-Pro.local","pid":65531,"level":20,"msg":"Processed: \u001b[35mlayout/_scripts/third-party/analytics/application-insights.swig\u001b[39m","time":"2017-12-11T17:07:38.085Z","v":0}
{"name":"hexo","hostname":"xueyikangdeMacBook-Pro.local","pid":65531,"level":20,"msg":"Processed: \u001b[35mlayout/_scripts/third-party/analytics/busuanzi-counter.swig\u001b[39m","time":"2017-12-11T17:07:38.085Z","v":0}
{"name":"hexo","hostname":"xueyikangdeMacBook-Pro.local","pid":65531,"level":20,"msg":"Processed: \u001b[35mlayout/_scripts/third-party/analytics/cnzz-analytics.swig\u001b[39m","time":"2017-12-11T17:07:38.085Z","v":0}
{"name":"hexo","hostname":"xueyikangdeMacBook-Pro.local","pid":65531,"level":20,"msg":"Processed: \u001b[35mlayout/_scripts/third-party/analytics/facebook-sdk.swig\u001b[39m","time":"2017-12-11T17:07:38.085Z","v":0}
{"name":"hexo","hostname":"xueyikangdeMacBook-Pro.local","pid":65531,"level":20,"msg":"Processed: \u001b[35mlayout/_scripts/third-party/analytics/google-analytics.swig\u001b[39m","time":"2017-12-11T17:07:38.085Z","v":0}
{"name":"hexo","hostname":"xueyikangdeMacBook-Pro.local","pid":65531,"level":20,"msg":"Processed: \u001b[35mlayout/_scripts/third-party/analytics/tencent-analytics.swig\u001b[39m","time":"2017-12-11T17:07:38.085Z","v":0}
{"name":"hexo","hostname":"xueyikangdeMacBook-Pro.local","pid":65531,"level":20,"msg":"Processed: \u001b[35mlayout/_scripts/third-party/comments/disqus.swig\u001b[39m","time":"2017-12-11T17:07:38.085Z","v":0}
{"name":"hexo","hostname":"xueyikangdeMacBook-Pro.local","pid":65531,"level":20,"msg":"Processed: \u001b[35mlayout/_scripts/third-party/comments/duoshuo.swig\u001b[39m","time":"2017-12-11T17:07:38.086Z","v":0}
{"name":"hexo","hostname":"xueyikangdeMacBook-Pro.local","pid":65531,"level":20,"msg":"Processed: \u001b[35mlayout/_scripts/third-party/comments/gentie.swig\u001b[39m","time":"2017-12-11T17:07:38.086Z","v":0}
{"name":"hexo","hostname":"xueyikangdeMacBook-Pro.local","pid":65531,"level":20,"msg":"Processed: \u001b[35mlayout/_scripts/third-party/comments/hypercomments.swig\u001b[39m","time":"2017-12-11T17:07:38.086Z","v":0}
{"name":"hexo","hostname":"xueyikangdeMacBook-Pro.local","pid":65531,"level":20,"msg":"Processed: \u001b[35mlayout/_scripts/third-party/comments/youyan.swig\u001b[39m","time":"2017-12-11T17:07:38.086Z","v":0}
{"name":"hexo","hostname":"xueyikangdeMacBook-Pro.local","pid":65531,"level":20,"msg":"Processed: \u001b[35msource/lib/algolia-instant-search/instantsearch.min.js\u001b[39m","time":"2017-12-11T17:07:38.087Z","v":0}
{"name":"hexo","hostname":"xueyikangdeMacBook-Pro.local","pid":65531,"level":20,"msg":"Processed: \u001b[35msource/lib/font-awesome/fonts/fontawesome-webfont.svg\u001b[39m","time":"2017-12-11T17:07:38.087Z","v":0}
{"name":"hexo","hostname":"xueyikangdeMacBook-Pro.local","pid":65531,"level":60,"err":{"message":"Unexpected token , in JSON at position 1761","name":"SyntaxError","stack":"SyntaxError: Unexpected token , in JSON at position 1761\n    at JSON.parse (<anonymous>)\n    at Hexo.jsonRenderer (/Users/xueyikang/blog/node_modules/hexo/lib/plugins/renderer/json.js:5:14)\n    at Hexo.tryCatcher (/Users/xueyikang/blog/node_modules/bluebird/js/release/util.js:16:23)\n    at Hexo.<anonymous> (/Users/xueyikang/blog/node_modules/bluebird/js/release/method.js:15:34)\n    at /Users/xueyikang/blog/node_modules/hexo/lib/hexo/render.js:61:21\n    at tryCatcher (/Users/xueyikang/blog/node_modules/bluebird/js/release/util.js:16:23)\n    at Promise._settlePromiseFromHandler (/Users/xueyikang/blog/node_modules/bluebird/js/release/promise.js:510:31)\n    at Promise._settlePromise (/Users/xueyikang/blog/node_modules/bluebird/js/release/promise.js:567:18)\n    at Promise._settlePromiseCtx (/Users/xueyikang/blog/node_modules/bluebird/js/release/promise.js:604:10)\n    at Async._drainQueue (/Users/xueyikang/blog/node_modules/bluebird/js/release/async.js:138:12)\n    at Async._drainQueues (/Users/xueyikang/blog/node_modules/bluebird/js/release/async.js:143:10)\n    at Immediate.Async.drainQueues (/Users/xueyikang/blog/node_modules/bluebird/js/release/async.js:17:14)\n    at runCallback (timers.js:651:20)\n    at tryOnImmediate (timers.js:624:5)\n    at processImmediate [as _immediateCallback] (timers.js:596:5)"},"msg":"Something's wrong. Maybe you can find the solution here: \u001b[4mhttp://hexo.io/docs/troubleshooting.html\u001b[24m","time":"2017-12-11T17:07:38.324Z","v":0}
{"name":"hexo","hostname":"xueyikangdeMacBook-Pro.local","pid":65531,"level":20,"msg":"Database saved","time":"2017-12-11T17:07:38.663Z","v":0}
